::1 - - [25/Feb/2022:13:25:21 +0000] "GET / HTTP/1.1" 304 - "-" "Mozilla/5.0 (Macintosh; Intel Mac OS X 10_15_7) AppleWebKit/537.36 (KHTML, like Gecko) Chrome/98.0.4758.109 Safari/537.36"
::1 - - [25/Feb/2022:13:25:21 +0000] "GET /CSS/layout.css HTTP/1.1" 404 153 "http://localhost:8000/" "Mozilla/5.0 (Macintosh; Intel Mac OS X 10_15_7) AppleWebKit/537.36 (KHTML, like Gecko) Chrome/98.0.4758.109 Safari/537.36"
::1 - - [25/Feb/2022:13:25:21 +0000] "GET /CSS/chat_box.css HTTP/1.1" 404 155 "http://localhost:8000/" "Mozilla/5.0 (Macintosh; Intel Mac OS X 10_15_7) AppleWebKit/537.36 (KHTML, like Gecko) Chrome/98.0.4758.109 Safari/537.36"
::1 - - [25/Feb/2022:13:25:21 +0000] "GET /CSS/home.css HTTP/1.1" 404 151 "http://localhost:8000/" "Mozilla/5.0 (Macintosh; Intel Mac OS X 10_15_7) AppleWebKit/537.36 (KHTML, like Gecko) Chrome/98.0.4758.109 Safari/537.36"
::1 - - [25/Feb/2022:13:25:21 +0000] "GET /CSS/header.css HTTP/1.1" 404 153 "http://localhost:8000/" "Mozilla/5.0 (Macintosh; Intel Mac OS X 10_15_7) AppleWebKit/537.36 (KHTML, like Gecko) Chrome/98.0.4758.109 Safari/537.36"
::1 - - [25/Feb/2022:13:25:21 +0000] "GET /Javascript/home_post_comments.js HTTP/1.1" 404 171 "http://localhost:8000/" "Mozilla/5.0 (Macintosh; Intel Mac OS X 10_15_7) AppleWebKit/537.36 (KHTML, like Gecko) Chrome/98.0.4758.109 Safari/537.36"
::1 - - [25/Feb/2022:13:25:21 +0000] "GET /CSS/footer.css HTTP/1.1" 404 153 "http://localhost:8000/" "Mozilla/5.0 (Macintosh; Intel Mac OS X 10_15_7) AppleWebKit/537.36 (KHTML, like Gecko) Chrome/98.0.4758.109 Safari/537.36"
::1 - - [25/Feb/2022:13:25:21 +0000] "GET /Javascript/home_posts.js HTTP/1.1" 404 163 "http://localhost:8000/" "Mozilla/5.0 (Macintosh; Intel Mac OS X 10_15_7) AppleWebKit/537.36 (KHTML, like Gecko) Chrome/98.0.4758.109 Safari/537.36"
::1 - - [25/Feb/2022:13:25:21 +0000] "GET /Javascript/toggle_likes.js HTTP/1.1" 404 165 "http://localhost:8000/" "Mozilla/5.0 (Macintosh; Intel Mac OS X 10_15_7) AppleWebKit/537.36 (KHTML, like Gecko) Chrome/98.0.4758.109 Safari/537.36"
::1 - - [25/Feb/2022:13:25:21 +0000] "GET /Javascript/chat_engine.js HTTP/1.1" 404 164 "http://localhost:8000/" "Mozilla/5.0 (Macintosh; Intel Mac OS X 10_15_7) AppleWebKit/537.36 (KHTML, like Gecko) Chrome/98.0.4758.109 Safari/537.36"
::1 - - [25/Feb/2022:13:25:21 +0000] "GET /CSS/layout.css HTTP/1.1" 404 153 "http://localhost:8000/" "Mozilla/5.0 (Macintosh; Intel Mac OS X 10_15_7) AppleWebKit/537.36 (KHTML, like Gecko) Chrome/98.0.4758.109 Safari/537.36"
::1 - - [25/Feb/2022:13:25:21 +0000] "GET /CSS/home.css HTTP/1.1" 404 151 "http://localhost:8000/" "Mozilla/5.0 (Macintosh; Intel Mac OS X 10_15_7) AppleWebKit/537.36 (KHTML, like Gecko) Chrome/98.0.4758.109 Safari/537.36"
::1 - - [25/Feb/2022:13:25:21 +0000] "GET /CSS/chat_box.css HTTP/1.1" 404 155 "http://localhost:8000/" "Mozilla/5.0 (Macintosh; Intel Mac OS X 10_15_7) AppleWebKit/537.36 (KHTML, like Gecko) Chrome/98.0.4758.109 Safari/537.36"
::1 - - [25/Feb/2022:13:25:21 +0000] "GET /CSS/header.css HTTP/1.1" 404 153 "http://localhost:8000/" "Mozilla/5.0 (Macintosh; Intel Mac OS X 10_15_7) AppleWebKit/537.36 (KHTML, like Gecko) Chrome/98.0.4758.109 Safari/537.36"
::1 - - [25/Feb/2022:13:25:21 +0000] "GET /CSS/footer.css HTTP/1.1" 404 153 "http://localhost:8000/" "Mozilla/5.0 (Macintosh; Intel Mac OS X 10_15_7) AppleWebKit/537.36 (KHTML, like Gecko) Chrome/98.0.4758.109 Safari/537.36"
::1 - - [25/Feb/2022:13:25:21 +0000] "GET /Javascript/home_post_comments.js HTTP/1.1" 404 171 "http://localhost:8000/" "Mozilla/5.0 (Macintosh; Intel Mac OS X 10_15_7) AppleWebKit/537.36 (KHTML, like Gecko) Chrome/98.0.4758.109 Safari/537.36"
::1 - - [25/Feb/2022:13:25:21 +0000] "GET /Javascript/home_posts.js HTTP/1.1" 404 163 "http://localhost:8000/" "Mozilla/5.0 (Macintosh; Intel Mac OS X 10_15_7) AppleWebKit/537.36 (KHTML, like Gecko) Chrome/98.0.4758.109 Safari/537.36"
::1 - - [25/Feb/2022:13:25:21 +0000] "GET /Javascript/toggle_likes.js HTTP/1.1" 404 165 "http://localhost:8000/" "Mozilla/5.0 (Macintosh; Intel Mac OS X 10_15_7) AppleWebKit/537.36 (KHTML, like Gecko) Chrome/98.0.4758.109 Safari/537.36"
::1 - - [25/Feb/2022:13:25:21 +0000] "GET /Javascript/chat_engine.js HTTP/1.1" 404 164 "http://localhost:8000/" "Mozilla/5.0 (Macintosh; Intel Mac OS X 10_15_7) AppleWebKit/537.36 (KHTML, like Gecko) Chrome/98.0.4758.109 Safari/537.36"
::1 - - [25/Feb/2022:13:27:40 +0000] "GET / HTTP/1.1" 304 - "-" "Mozilla/5.0 (Macintosh; Intel Mac OS X 10_15_7) AppleWebKit/537.36 (KHTML, like Gecko) Chrome/98.0.4758.109 Safari/537.36"
::1 - - [25/Feb/2022:13:27:40 +0000] "GET /CSS/layout.css HTTP/1.1" 404 153 "http://localhost:8000/" "Mozilla/5.0 (Macintosh; Intel Mac OS X 10_15_7) AppleWebKit/537.36 (KHTML, like Gecko) Chrome/98.0.4758.109 Safari/537.36"
::1 - - [25/Feb/2022:13:27:40 +0000] "GET /CSS/home.css HTTP/1.1" 404 151 "http://localhost:8000/" "Mozilla/5.0 (Macintosh; Intel Mac OS X 10_15_7) AppleWebKit/537.36 (KHTML, like Gecko) Chrome/98.0.4758.109 Safari/537.36"
::1 - - [25/Feb/2022:13:27:40 +0000] "GET /CSS/chat_box.css HTTP/1.1" 404 155 "http://localhost:8000/" "Mozilla/5.0 (Macintosh; Intel Mac OS X 10_15_7) AppleWebKit/537.36 (KHTML, like Gecko) Chrome/98.0.4758.109 Safari/537.36"
::1 - - [25/Feb/2022:13:27:40 +0000] "GET /CSS/header.css HTTP/1.1" 404 153 "http://localhost:8000/" "Mozilla/5.0 (Macintosh; Intel Mac OS X 10_15_7) AppleWebKit/537.36 (KHTML, like Gecko) Chrome/98.0.4758.109 Safari/537.36"
::1 - - [25/Feb/2022:13:27:40 +0000] "GET /CSS/footer.css HTTP/1.1" 404 153 "http://localhost:8000/" "Mozilla/5.0 (Macintosh; Intel Mac OS X 10_15_7) AppleWebKit/537.36 (KHTML, like Gecko) Chrome/98.0.4758.109 Safari/537.36"
::1 - - [25/Feb/2022:13:27:40 +0000] "GET /Javascript/home_post_comments.js HTTP/1.1" 404 171 "http://localhost:8000/" "Mozilla/5.0 (Macintosh; Intel Mac OS X 10_15_7) AppleWebKit/537.36 (KHTML, like Gecko) Chrome/98.0.4758.109 Safari/537.36"
::1 - - [25/Feb/2022:13:27:40 +0000] "GET /Javascript/home_posts.js HTTP/1.1" 404 163 "http://localhost:8000/" "Mozilla/5.0 (Macintosh; Intel Mac OS X 10_15_7) AppleWebKit/537.36 (KHTML, like Gecko) Chrome/98.0.4758.109 Safari/537.36"
::1 - - [25/Feb/2022:13:27:40 +0000] "GET /Javascript/toggle_likes.js HTTP/1.1" 404 165 "http://localhost:8000/" "Mozilla/5.0 (Macintosh; Intel Mac OS X 10_15_7) AppleWebKit/537.36 (KHTML, like Gecko) Chrome/98.0.4758.109 Safari/537.36"
::1 - - [25/Feb/2022:13:27:40 +0000] "GET /Javascript/chat_engine.js HTTP/1.1" 404 164 "http://localhost:8000/" "Mozilla/5.0 (Macintosh; Intel Mac OS X 10_15_7) AppleWebKit/537.36 (KHTML, like Gecko) Chrome/98.0.4758.109 Safari/537.36"
::1 - - [25/Feb/2022:13:27:41 +0000] "GET /CSS/layout.css HTTP/1.1" 404 153 "http://localhost:8000/" "Mozilla/5.0 (Macintosh; Intel Mac OS X 10_15_7) AppleWebKit/537.36 (KHTML, like Gecko) Chrome/98.0.4758.109 Safari/537.36"
::1 - - [25/Feb/2022:13:27:41 +0000] "GET /CSS/chat_box.css HTTP/1.1" 404 155 "http://localhost:8000/" "Mozilla/5.0 (Macintosh; Intel Mac OS X 10_15_7) AppleWebKit/537.36 (KHTML, like Gecko) Chrome/98.0.4758.109 Safari/537.36"
::1 - - [25/Feb/2022:13:27:41 +0000] "GET /CSS/home.css HTTP/1.1" 404 151 "http://localhost:8000/" "Mozilla/5.0 (Macintosh; Intel Mac OS X 10_15_7) AppleWebKit/537.36 (KHTML, like Gecko) Chrome/98.0.4758.109 Safari/537.36"
::1 - - [25/Feb/2022:13:27:41 +0000] "GET /CSS/header.css HTTP/1.1" 404 153 "http://localhost:8000/" "Mozilla/5.0 (Macintosh; Intel Mac OS X 10_15_7) AppleWebKit/537.36 (KHTML, like Gecko) Chrome/98.0.4758.109 Safari/537.36"
::1 - - [25/Feb/2022:13:27:41 +0000] "GET /CSS/footer.css HTTP/1.1" 404 153 "http://localhost:8000/" "Mozilla/5.0 (Macintosh; Intel Mac OS X 10_15_7) AppleWebKit/537.36 (KHTML, like Gecko) Chrome/98.0.4758.109 Safari/537.36"
::1 - - [25/Feb/2022:13:27:41 +0000] "GET /Javascript/home_posts.js HTTP/1.1" 404 163 "http://localhost:8000/" "Mozilla/5.0 (Macintosh; Intel Mac OS X 10_15_7) AppleWebKit/537.36 (KHTML, like Gecko) Chrome/98.0.4758.109 Safari/537.36"
::1 - - [25/Feb/2022:13:27:41 +0000] "GET /Javascript/toggle_likes.js HTTP/1.1" 404 165 "http://localhost:8000/" "Mozilla/5.0 (Macintosh; Intel Mac OS X 10_15_7) AppleWebKit/537.36 (KHTML, like Gecko) Chrome/98.0.4758.109 Safari/537.36"
::1 - - [25/Feb/2022:13:27:41 +0000] "GET /Javascript/chat_engine.js HTTP/1.1" 404 164 "http://localhost:8000/" "Mozilla/5.0 (Macintosh; Intel Mac OS X 10_15_7) AppleWebKit/537.36 (KHTML, like Gecko) Chrome/98.0.4758.109 Safari/537.36"
::1 - - [25/Feb/2022:13:27:51 +0000] "GET / HTTP/1.1" 304 - "-" "Mozilla/5.0 (Macintosh; Intel Mac OS X 10_15_7) AppleWebKit/537.36 (KHTML, like Gecko) Chrome/98.0.4758.109 Safari/537.36"
::1 - - [25/Feb/2022:13:27:51 +0000] "GET /CSS/layout.css HTTP/1.1" 404 153 "http://localhost:8000/" "Mozilla/5.0 (Macintosh; Intel Mac OS X 10_15_7) AppleWebKit/537.36 (KHTML, like Gecko) Chrome/98.0.4758.109 Safari/537.36"
::1 - - [25/Feb/2022:13:27:51 +0000] "GET /CSS/header.css HTTP/1.1" 404 153 "http://localhost:8000/" "Mozilla/5.0 (Macintosh; Intel Mac OS X 10_15_7) AppleWebKit/537.36 (KHTML, like Gecko) Chrome/98.0.4758.109 Safari/537.36"
::1 - - [25/Feb/2022:13:27:51 +0000] "GET /CSS/chat_box.css HTTP/1.1" 404 155 "http://localhost:8000/" "Mozilla/5.0 (Macintosh; Intel Mac OS X 10_15_7) AppleWebKit/537.36 (KHTML, like Gecko) Chrome/98.0.4758.109 Safari/537.36"
::1 - - [25/Feb/2022:13:27:51 +0000] "GET /CSS/home.css HTTP/1.1" 404 151 "http://localhost:8000/" "Mozilla/5.0 (Macintosh; Intel Mac OS X 10_15_7) AppleWebKit/537.36 (KHTML, like Gecko) Chrome/98.0.4758.109 Safari/537.36"
::1 - - [25/Feb/2022:13:27:51 +0000] "GET /Javascript/home_post_comments.js HTTP/1.1" 404 171 "http://localhost:8000/" "Mozilla/5.0 (Macintosh; Intel Mac OS X 10_15_7) AppleWebKit/537.36 (KHTML, like Gecko) Chrome/98.0.4758.109 Safari/537.36"
::1 - - [25/Feb/2022:13:27:51 +0000] "GET /CSS/footer.css HTTP/1.1" 404 153 "http://localhost:8000/" "Mozilla/5.0 (Macintosh; Intel Mac OS X 10_15_7) AppleWebKit/537.36 (KHTML, like Gecko) Chrome/98.0.4758.109 Safari/537.36"
::1 - - [25/Feb/2022:13:27:51 +0000] "GET /Javascript/home_posts.js HTTP/1.1" 404 163 "http://localhost:8000/" "Mozilla/5.0 (Macintosh; Intel Mac OS X 10_15_7) AppleWebKit/537.36 (KHTML, like Gecko) Chrome/98.0.4758.109 Safari/537.36"
::1 - - [25/Feb/2022:13:27:51 +0000] "GET /Javascript/chat_engine.js HTTP/1.1" 404 164 "http://localhost:8000/" "Mozilla/5.0 (Macintosh; Intel Mac OS X 10_15_7) AppleWebKit/537.36 (KHTML, like Gecko) Chrome/98.0.4758.109 Safari/537.36"
::1 - - [25/Feb/2022:13:27:51 +0000] "GET /Javascript/toggle_likes.js HTTP/1.1" 404 165 "http://localhost:8000/" "Mozilla/5.0 (Macintosh; Intel Mac OS X 10_15_7) AppleWebKit/537.36 (KHTML, like Gecko) Chrome/98.0.4758.109 Safari/537.36"
::1 - - [25/Feb/2022:13:27:51 +0000] "GET /CSS/footer.css HTTP/1.1" 404 153 "http://localhost:8000/" "Mozilla/5.0 (Macintosh; Intel Mac OS X 10_15_7) AppleWebKit/537.36 (KHTML, like Gecko) Chrome/98.0.4758.109 Safari/537.36"
::1 - - [25/Feb/2022:13:27:51 +0000] "GET /Javascript/home_post_comments.js HTTP/1.1" 404 171 "http://localhost:8000/" "Mozilla/5.0 (Macintosh; Intel Mac OS X 10_15_7) AppleWebKit/537.36 (KHTML, like Gecko) Chrome/98.0.4758.109 Safari/537.36"
::1 - - [25/Feb/2022:13:27:51 +0000] "GET /Javascript/home_posts.js HTTP/1.1" 404 163 "http://localhost:8000/" "Mozilla/5.0 (Macintosh; Intel Mac OS X 10_15_7) AppleWebKit/537.36 (KHTML, like Gecko) Chrome/98.0.4758.109 Safari/537.36"
::1 - - [25/Feb/2022:13:27:51 +0000] "GET /Javascript/toggle_likes.js HTTP/1.1" 404 165 "http://localhost:8000/" "Mozilla/5.0 (Macintosh; Intel Mac OS X 10_15_7) AppleWebKit/537.36 (KHTML, like Gecko) Chrome/98.0.4758.109 Safari/537.36"
::1 - - [25/Feb/2022:13:27:51 +0000] "GET /Javascript/chat_engine.js HTTP/1.1" 404 164 "http://localhost:8000/" "Mozilla/5.0 (Macintosh; Intel Mac OS X 10_15_7) AppleWebKit/537.36 (KHTML, like Gecko) Chrome/98.0.4758.109 Safari/537.36"
::1 - - [25/Feb/2022:13:27:51 +0000] "GET / HTTP/1.1" 304 - "-" "Mozilla/5.0 (Macintosh; Intel Mac OS X 10_15_7) AppleWebKit/537.36 (KHTML, like Gecko) Chrome/98.0.4758.109 Safari/537.36"
::1 - - [25/Feb/2022:13:27:52 +0000] "GET /CSS/header.css HTTP/1.1" 404 153 "http://localhost:8000/" "Mozilla/5.0 (Macintosh; Intel Mac OS X 10_15_7) AppleWebKit/537.36 (KHTML, like Gecko) Chrome/98.0.4758.109 Safari/537.36"
::1 - - [25/Feb/2022:13:27:52 +0000] "GET /CSS/chat_box.css HTTP/1.1" 404 155 "http://localhost:8000/" "Mozilla/5.0 (Macintosh; Intel Mac OS X 10_15_7) AppleWebKit/537.36 (KHTML, like Gecko) Chrome/98.0.4758.109 Safari/537.36"
::1 - - [25/Feb/2022:13:27:52 +0000] "GET /Javascript/home_post_comments.js HTTP/1.1" 404 171 "http://localhost:8000/" "Mozilla/5.0 (Macintosh; Intel Mac OS X 10_15_7) AppleWebKit/537.36 (KHTML, like Gecko) Chrome/98.0.4758.109 Safari/537.36"
::1 - - [25/Feb/2022:13:27:52 +0000] "GET /CSS/home.css HTTP/1.1" 404 151 "http://localhost:8000/" "Mozilla/5.0 (Macintosh; Intel Mac OS X 10_15_7) AppleWebKit/537.36 (KHTML, like Gecko) Chrome/98.0.4758.109 Safari/537.36"
::1 - - [25/Feb/2022:13:27:52 +0000] "GET /CSS/layout.css HTTP/1.1" 404 153 "http://localhost:8000/" "Mozilla/5.0 (Macintosh; Intel Mac OS X 10_15_7) AppleWebKit/537.36 (KHTML, like Gecko) Chrome/98.0.4758.109 Safari/537.36"
::1 - - [25/Feb/2022:13:27:52 +0000] "GET /CSS/footer.css HTTP/1.1" 404 153 "http://localhost:8000/" "Mozilla/5.0 (Macintosh; Intel Mac OS X 10_15_7) AppleWebKit/537.36 (KHTML, like Gecko) Chrome/98.0.4758.109 Safari/537.36"
::1 - - [25/Feb/2022:13:27:52 +0000] "GET /Javascript/toggle_likes.js HTTP/1.1" 404 165 "http://localhost:8000/" "Mozilla/5.0 (Macintosh; Intel Mac OS X 10_15_7) AppleWebKit/537.36 (KHTML, like Gecko) Chrome/98.0.4758.109 Safari/537.36"
::1 - - [25/Feb/2022:13:27:52 +0000] "GET /Javascript/chat_engine.js HTTP/1.1" 404 164 "http://localhost:8000/" "Mozilla/5.0 (Macintosh; Intel Mac OS X 10_15_7) AppleWebKit/537.36 (KHTML, like Gecko) Chrome/98.0.4758.109 Safari/537.36"
::1 - - [25/Feb/2022:13:27:52 +0000] "GET /Javascript/home_posts.js HTTP/1.1" 404 163 "http://localhost:8000/" "Mozilla/5.0 (Macintosh; Intel Mac OS X 10_15_7) AppleWebKit/537.36 (KHTML, like Gecko) Chrome/98.0.4758.109 Safari/537.36"
::1 - - [25/Feb/2022:13:27:52 +0000] "GET /CSS/footer.css HTTP/1.1" 404 153 "http://localhost:8000/" "Mozilla/5.0 (Macintosh; Intel Mac OS X 10_15_7) AppleWebKit/537.36 (KHTML, like Gecko) Chrome/98.0.4758.109 Safari/537.36"
::1 - - [25/Feb/2022:13:27:52 +0000] "GET /Javascript/home_post_comments.js HTTP/1.1" 404 171 "http://localhost:8000/" "Mozilla/5.0 (Macintosh; Intel Mac OS X 10_15_7) AppleWebKit/537.36 (KHTML, like Gecko) Chrome/98.0.4758.109 Safari/537.36"
::1 - - [25/Feb/2022:13:27:52 +0000] "GET /Javascript/home_posts.js HTTP/1.1" 404 163 "http://localhost:8000/" "Mozilla/5.0 (Macintosh; Intel Mac OS X 10_15_7) AppleWebKit/537.36 (KHTML, like Gecko) Chrome/98.0.4758.109 Safari/537.36"
::1 - - [25/Feb/2022:13:27:52 +0000] "GET /Javascript/toggle_likes.js HTTP/1.1" 404 165 "http://localhost:8000/" "Mozilla/5.0 (Macintosh; Intel Mac OS X 10_15_7) AppleWebKit/537.36 (KHTML, like Gecko) Chrome/98.0.4758.109 Safari/537.36"
::1 - - [25/Feb/2022:13:27:52 +0000] "GET /Javascript/chat_engine.js HTTP/1.1" 404 164 "http://localhost:8000/" "Mozilla/5.0 (Macintosh; Intel Mac OS X 10_15_7) AppleWebKit/537.36 (KHTML, like Gecko) Chrome/98.0.4758.109 Safari/537.36"
::1 - - [25/Feb/2022:13:27:52 +0000] "GET / HTTP/1.1" 304 - "-" "Mozilla/5.0 (Macintosh; Intel Mac OS X 10_15_7) AppleWebKit/537.36 (KHTML, like Gecko) Chrome/98.0.4758.109 Safari/537.36"
::1 - - [25/Feb/2022:13:27:52 +0000] "GET /CSS/layout.css HTTP/1.1" 404 153 "http://localhost:8000/" "Mozilla/5.0 (Macintosh; Intel Mac OS X 10_15_7) AppleWebKit/537.36 (KHTML, like Gecko) Chrome/98.0.4758.109 Safari/537.36"
::1 - - [25/Feb/2022:13:27:52 +0000] "GET /CSS/header.css HTTP/1.1" 404 153 "http://localhost:8000/" "Mozilla/5.0 (Macintosh; Intel Mac OS X 10_15_7) AppleWebKit/537.36 (KHTML, like Gecko) Chrome/98.0.4758.109 Safari/537.36"
::1 - - [25/Feb/2022:13:27:52 +0000] "GET /CSS/chat_box.css HTTP/1.1" 404 155 "http://localhost:8000/" "Mozilla/5.0 (Macintosh; Intel Mac OS X 10_15_7) AppleWebKit/537.36 (KHTML, like Gecko) Chrome/98.0.4758.109 Safari/537.36"
::1 - - [25/Feb/2022:13:27:52 +0000] "GET /CSS/home.css HTTP/1.1" 404 151 "http://localhost:8000/" "Mozilla/5.0 (Macintosh; Intel Mac OS X 10_15_7) AppleWebKit/537.36 (KHTML, like Gecko) Chrome/98.0.4758.109 Safari/537.36"
::1 - - [25/Feb/2022:13:27:52 +0000] "GET /Javascript/home_post_comments.js HTTP/1.1" 404 171 "http://localhost:8000/" "Mozilla/5.0 (Macintosh; Intel Mac OS X 10_15_7) AppleWebKit/537.36 (KHTML, like Gecko) Chrome/98.0.4758.109 Safari/537.36"
::1 - - [25/Feb/2022:13:27:52 +0000] "GET /CSS/footer.css HTTP/1.1" 404 153 "http://localhost:8000/" "Mozilla/5.0 (Macintosh; Intel Mac OS X 10_15_7) AppleWebKit/537.36 (KHTML, like Gecko) Chrome/98.0.4758.109 Safari/537.36"
::1 - - [25/Feb/2022:13:27:52 +0000] "GET /Javascript/home_posts.js HTTP/1.1" 404 163 "http://localhost:8000/" "Mozilla/5.0 (Macintosh; Intel Mac OS X 10_15_7) AppleWebKit/537.36 (KHTML, like Gecko) Chrome/98.0.4758.109 Safari/537.36"
::1 - - [25/Feb/2022:13:27:52 +0000] "GET /Javascript/chat_engine.js HTTP/1.1" 404 164 "http://localhost:8000/" "Mozilla/5.0 (Macintosh; Intel Mac OS X 10_15_7) AppleWebKit/537.36 (KHTML, like Gecko) Chrome/98.0.4758.109 Safari/537.36"
::1 - - [25/Feb/2022:13:27:52 +0000] "GET /Javascript/toggle_likes.js HTTP/1.1" 404 165 "http://localhost:8000/" "Mozilla/5.0 (Macintosh; Intel Mac OS X 10_15_7) AppleWebKit/537.36 (KHTML, like Gecko) Chrome/98.0.4758.109 Safari/537.36"
::1 - - [25/Feb/2022:13:27:52 +0000] "GET /Javascript/home_post_comments.js HTTP/1.1" 404 171 "http://localhost:8000/" "Mozilla/5.0 (Macintosh; Intel Mac OS X 10_15_7) AppleWebKit/537.36 (KHTML, like Gecko) Chrome/98.0.4758.109 Safari/537.36"
::1 - - [25/Feb/2022:13:27:52 +0000] "GET /Javascript/home_posts.js HTTP/1.1" 404 163 "http://localhost:8000/" "Mozilla/5.0 (Macintosh; Intel Mac OS X 10_15_7) AppleWebKit/537.36 (KHTML, like Gecko) Chrome/98.0.4758.109 Safari/537.36"
::1 - - [25/Feb/2022:13:27:52 +0000] "GET /Javascript/toggle_likes.js HTTP/1.1" 404 165 "http://localhost:8000/" "Mozilla/5.0 (Macintosh; Intel Mac OS X 10_15_7) AppleWebKit/537.36 (KHTML, like Gecko) Chrome/98.0.4758.109 Safari/537.36"
::1 - - [25/Feb/2022:13:27:52 +0000] "GET /Javascript/chat_engine.js HTTP/1.1" 404 164 "http://localhost:8000/" "Mozilla/5.0 (Macintosh; Intel Mac OS X 10_15_7) AppleWebKit/537.36 (KHTML, like Gecko) Chrome/98.0.4758.109 Safari/537.36"
::1 - - [25/Feb/2022:13:28:35 +0000] "GET / HTTP/1.1" 304 - "-" "Mozilla/5.0 (Macintosh; Intel Mac OS X 10_15_7) AppleWebKit/537.36 (KHTML, like Gecko) Chrome/98.0.4758.109 Safari/537.36"
::1 - - [25/Feb/2022:13:28:35 +0000] "GET /CSS/layout.css HTTP/1.1" 404 153 "http://localhost:8000/" "Mozilla/5.0 (Macintosh; Intel Mac OS X 10_15_7) AppleWebKit/537.36 (KHTML, like Gecko) Chrome/98.0.4758.109 Safari/537.36"
::1 - - [25/Feb/2022:13:28:35 +0000] "GET /Javascript/home_post_comments.js HTTP/1.1" 404 171 "http://localhost:8000/" "Mozilla/5.0 (Macintosh; Intel Mac OS X 10_15_7) AppleWebKit/537.36 (KHTML, like Gecko) Chrome/98.0.4758.109 Safari/537.36"
::1 - - [25/Feb/2022:13:28:35 +0000] "GET /CSS/home.css HTTP/1.1" 404 151 "http://localhost:8000/" "Mozilla/5.0 (Macintosh; Intel Mac OS X 10_15_7) AppleWebKit/537.36 (KHTML, like Gecko) Chrome/98.0.4758.109 Safari/537.36"
::1 - - [25/Feb/2022:13:28:35 +0000] "GET /CSS/chat_box.css HTTP/1.1" 404 155 "http://localhost:8000/" "Mozilla/5.0 (Macintosh; Intel Mac OS X 10_15_7) AppleWebKit/537.36 (KHTML, like Gecko) Chrome/98.0.4758.109 Safari/537.36"
::1 - - [25/Feb/2022:13:28:35 +0000] "GET /CSS/header.css HTTP/1.1" 404 153 "http://localhost:8000/" "Mozilla/5.0 (Macintosh; Intel Mac OS X 10_15_7) AppleWebKit/537.36 (KHTML, like Gecko) Chrome/98.0.4758.109 Safari/537.36"
::1 - - [25/Feb/2022:13:28:35 +0000] "GET /Javascript/home_posts.js HTTP/1.1" 404 163 "http://localhost:8000/" "Mozilla/5.0 (Macintosh; Intel Mac OS X 10_15_7) AppleWebKit/537.36 (KHTML, like Gecko) Chrome/98.0.4758.109 Safari/537.36"
::1 - - [25/Feb/2022:13:28:35 +0000] "GET /CSS/footer.css HTTP/1.1" 404 153 "http://localhost:8000/" "Mozilla/5.0 (Macintosh; Intel Mac OS X 10_15_7) AppleWebKit/537.36 (KHTML, like Gecko) Chrome/98.0.4758.109 Safari/537.36"
::1 - - [25/Feb/2022:13:28:35 +0000] "GET /Javascript/toggle_likes.js HTTP/1.1" 404 165 "http://localhost:8000/" "Mozilla/5.0 (Macintosh; Intel Mac OS X 10_15_7) AppleWebKit/537.36 (KHTML, like Gecko) Chrome/98.0.4758.109 Safari/537.36"
::1 - - [25/Feb/2022:13:28:35 +0000] "GET /Javascript/chat_engine.js HTTP/1.1" 404 164 "http://localhost:8000/" "Mozilla/5.0 (Macintosh; Intel Mac OS X 10_15_7) AppleWebKit/537.36 (KHTML, like Gecko) Chrome/98.0.4758.109 Safari/537.36"
::1 - - [25/Feb/2022:13:28:35 +0000] "GET /Javascript/home_post_comments.js HTTP/1.1" 404 171 "http://localhost:8000/" "Mozilla/5.0 (Macintosh; Intel Mac OS X 10_15_7) AppleWebKit/537.36 (KHTML, like Gecko) Chrome/98.0.4758.109 Safari/537.36"
::1 - - [25/Feb/2022:13:28:35 +0000] "GET /Javascript/home_posts.js HTTP/1.1" 404 163 "http://localhost:8000/" "Mozilla/5.0 (Macintosh; Intel Mac OS X 10_15_7) AppleWebKit/537.36 (KHTML, like Gecko) Chrome/98.0.4758.109 Safari/537.36"
::1 - - [25/Feb/2022:13:28:35 +0000] "GET /Javascript/toggle_likes.js HTTP/1.1" 404 165 "http://localhost:8000/" "Mozilla/5.0 (Macintosh; Intel Mac OS X 10_15_7) AppleWebKit/537.36 (KHTML, like Gecko) Chrome/98.0.4758.109 Safari/537.36"
::1 - - [25/Feb/2022:13:28:35 +0000] "GET /Javascript/chat_engine.js HTTP/1.1" 404 164 "http://localhost:8000/" "Mozilla/5.0 (Macintosh; Intel Mac OS X 10_15_7) AppleWebKit/537.36 (KHTML, like Gecko) Chrome/98.0.4758.109 Safari/537.36"
::1 - - [25/Feb/2022:13:29:16 +0000] "GET /users/sign-in HTTP/1.1" 304 - "http://localhost:8000/" "Mozilla/5.0 (Macintosh; Intel Mac OS X 10_15_7) AppleWebKit/537.36 (KHTML, like Gecko) Chrome/98.0.4758.109 Safari/537.36"
::1 - - [25/Feb/2022:13:29:16 +0000] "GET /CSS/header.css HTTP/1.1" 404 153 "http://localhost:8000/users/sign-in" "Mozilla/5.0 (Macintosh; Intel Mac OS X 10_15_7) AppleWebKit/537.36 (KHTML, like Gecko) Chrome/98.0.4758.109 Safari/537.36"
::1 - - [25/Feb/2022:13:29:16 +0000] "GET /CSS/user_sign_in.css HTTP/1.1" 404 159 "http://localhost:8000/users/sign-in" "Mozilla/5.0 (Macintosh; Intel Mac OS X 10_15_7) AppleWebKit/537.36 (KHTML, like Gecko) Chrome/98.0.4758.109 Safari/537.36"
::1 - - [25/Feb/2022:13:29:16 +0000] "GET /CSS/layout.css HTTP/1.1" 404 153 "http://localhost:8000/users/sign-in" "Mozilla/5.0 (Macintosh; Intel Mac OS X 10_15_7) AppleWebKit/537.36 (KHTML, like Gecko) Chrome/98.0.4758.109 Safari/537.36"
::1 - - [25/Feb/2022:13:29:16 +0000] "GET /CSS/footer.css HTTP/1.1" 404 153 "http://localhost:8000/users/sign-in" "Mozilla/5.0 (Macintosh; Intel Mac OS X 10_15_7) AppleWebKit/537.36 (KHTML, like Gecko) Chrome/98.0.4758.109 Safari/537.36"
::1 - - [25/Feb/2022:13:29:17 +0000] "GET /CSS/layout.css HTTP/1.1" 404 153 "http://localhost:8000/users/sign-in" "Mozilla/5.0 (Macintosh; Intel Mac OS X 10_15_7) AppleWebKit/537.36 (KHTML, like Gecko) Chrome/98.0.4758.109 Safari/537.36"
::1 - - [25/Feb/2022:13:29:17 +0000] "GET /CSS/user_sign_in.css HTTP/1.1" 404 159 "http://localhost:8000/users/sign-in" "Mozilla/5.0 (Macintosh; Intel Mac OS X 10_15_7) AppleWebKit/537.36 (KHTML, like Gecko) Chrome/98.0.4758.109 Safari/537.36"
::1 - - [25/Feb/2022:13:29:17 +0000] "GET /CSS/header.css HTTP/1.1" 404 153 "http://localhost:8000/users/sign-in" "Mozilla/5.0 (Macintosh; Intel Mac OS X 10_15_7) AppleWebKit/537.36 (KHTML, like Gecko) Chrome/98.0.4758.109 Safari/537.36"
::1 - - [25/Feb/2022:13:29:17 +0000] "GET /CSS/footer.css HTTP/1.1" 404 153 "http://localhost:8000/users/sign-in" "Mozilla/5.0 (Macintosh; Intel Mac OS X 10_15_7) AppleWebKit/537.36 (KHTML, like Gecko) Chrome/98.0.4758.109 Safari/537.36"
::1 - - [25/Feb/2022:13:30:50 +0000] "GET /users/sign-in HTTP/1.1" 304 - "http://localhost:8000/" "Mozilla/5.0 (Macintosh; Intel Mac OS X 10_15_7) AppleWebKit/537.36 (KHTML, like Gecko) Chrome/98.0.4758.109 Safari/537.36"
::1 - - [25/Feb/2022:13:30:50 +0000] "GET /CSS/layout.css HTTP/1.1" 404 153 "http://localhost:8000/users/sign-in" "Mozilla/5.0 (Macintosh; Intel Mac OS X 10_15_7) AppleWebKit/537.36 (KHTML, like Gecko) Chrome/98.0.4758.109 Safari/537.36"
::1 - - [25/Feb/2022:13:30:50 +0000] "GET /CSS/user_sign_in.css HTTP/1.1" 404 159 "http://localhost:8000/users/sign-in" "Mozilla/5.0 (Macintosh; Intel Mac OS X 10_15_7) AppleWebKit/537.36 (KHTML, like Gecko) Chrome/98.0.4758.109 Safari/537.36"
::1 - - [25/Feb/2022:13:30:50 +0000] "GET /CSS/footer.css HTTP/1.1" 404 153 "http://localhost:8000/users/sign-in" "Mozilla/5.0 (Macintosh; Intel Mac OS X 10_15_7) AppleWebKit/537.36 (KHTML, like Gecko) Chrome/98.0.4758.109 Safari/537.36"
::1 - - [25/Feb/2022:13:30:50 +0000] "GET /CSS/header.css HTTP/1.1" 404 153 "http://localhost:8000/users/sign-in" "Mozilla/5.0 (Macintosh; Intel Mac OS X 10_15_7) AppleWebKit/537.36 (KHTML, like Gecko) Chrome/98.0.4758.109 Safari/537.36"
::1 - - [25/Feb/2022:13:30:51 +0000] "GET /users/sign-in HTTP/1.1" 304 - "http://localhost:8000/" "Mozilla/5.0 (Macintosh; Intel Mac OS X 10_15_7) AppleWebKit/537.36 (KHTML, like Gecko) Chrome/98.0.4758.109 Safari/537.36"
::1 - - [25/Feb/2022:13:30:51 +0000] "GET /CSS/layout.css HTTP/1.1" 404 153 "http://localhost:8000/users/sign-in" "Mozilla/5.0 (Macintosh; Intel Mac OS X 10_15_7) AppleWebKit/537.36 (KHTML, like Gecko) Chrome/98.0.4758.109 Safari/537.36"
::1 - - [25/Feb/2022:13:30:51 +0000] "GET /CSS/user_sign_in.css HTTP/1.1" 404 159 "http://localhost:8000/users/sign-in" "Mozilla/5.0 (Macintosh; Intel Mac OS X 10_15_7) AppleWebKit/537.36 (KHTML, like Gecko) Chrome/98.0.4758.109 Safari/537.36"
::1 - - [25/Feb/2022:13:30:51 +0000] "GET /CSS/header.css HTTP/1.1" 404 153 "http://localhost:8000/users/sign-in" "Mozilla/5.0 (Macintosh; Intel Mac OS X 10_15_7) AppleWebKit/537.36 (KHTML, like Gecko) Chrome/98.0.4758.109 Safari/537.36"
::1 - - [25/Feb/2022:13:30:51 +0000] "GET /CSS/footer.css HTTP/1.1" 404 153 "http://localhost:8000/users/sign-in" "Mozilla/5.0 (Macintosh; Intel Mac OS X 10_15_7) AppleWebKit/537.36 (KHTML, like Gecko) Chrome/98.0.4758.109 Safari/537.36"
::1 - - [25/Feb/2022:13:30:51 +0000] "GET /users/sign-in HTTP/1.1" 304 - "http://localhost:8000/" "Mozilla/5.0 (Macintosh; Intel Mac OS X 10_15_7) AppleWebKit/537.36 (KHTML, like Gecko) Chrome/98.0.4758.109 Safari/537.36"
::1 - - [25/Feb/2022:13:30:51 +0000] "GET /CSS/layout.css HTTP/1.1" 404 153 "http://localhost:8000/users/sign-in" "Mozilla/5.0 (Macintosh; Intel Mac OS X 10_15_7) AppleWebKit/537.36 (KHTML, like Gecko) Chrome/98.0.4758.109 Safari/537.36"
::1 - - [25/Feb/2022:13:30:51 +0000] "GET /CSS/user_sign_in.css HTTP/1.1" 404 159 "http://localhost:8000/users/sign-in" "Mozilla/5.0 (Macintosh; Intel Mac OS X 10_15_7) AppleWebKit/537.36 (KHTML, like Gecko) Chrome/98.0.4758.109 Safari/537.36"
::1 - - [25/Feb/2022:13:30:51 +0000] "GET /CSS/header.css HTTP/1.1" 404 153 "http://localhost:8000/users/sign-in" "Mozilla/5.0 (Macintosh; Intel Mac OS X 10_15_7) AppleWebKit/537.36 (KHTML, like Gecko) Chrome/98.0.4758.109 Safari/537.36"
::1 - - [25/Feb/2022:13:30:51 +0000] "GET /CSS/footer.css HTTP/1.1" 404 153 "http://localhost:8000/users/sign-in" "Mozilla/5.0 (Macintosh; Intel Mac OS X 10_15_7) AppleWebKit/537.36 (KHTML, like Gecko) Chrome/98.0.4758.109 Safari/537.36"
::1 - - [25/Feb/2022:13:30:52 +0000] "GET /users/sign-in HTTP/1.1" 304 - "http://localhost:8000/" "Mozilla/5.0 (Macintosh; Intel Mac OS X 10_15_7) AppleWebKit/537.36 (KHTML, like Gecko) Chrome/98.0.4758.109 Safari/537.36"
::1 - - [25/Feb/2022:13:30:52 +0000] "GET /CSS/layout.css HTTP/1.1" 404 153 "http://localhost:8000/users/sign-in" "Mozilla/5.0 (Macintosh; Intel Mac OS X 10_15_7) AppleWebKit/537.36 (KHTML, like Gecko) Chrome/98.0.4758.109 Safari/537.36"
::1 - - [25/Feb/2022:13:30:52 +0000] "GET /CSS/user_sign_in.css HTTP/1.1" 404 159 "http://localhost:8000/users/sign-in" "Mozilla/5.0 (Macintosh; Intel Mac OS X 10_15_7) AppleWebKit/537.36 (KHTML, like Gecko) Chrome/98.0.4758.109 Safari/537.36"
::1 - - [25/Feb/2022:13:30:52 +0000] "GET /CSS/header.css HTTP/1.1" 404 153 "http://localhost:8000/users/sign-in" "Mozilla/5.0 (Macintosh; Intel Mac OS X 10_15_7) AppleWebKit/537.36 (KHTML, like Gecko) Chrome/98.0.4758.109 Safari/537.36"
::1 - - [25/Feb/2022:13:30:52 +0000] "GET /CSS/footer.css HTTP/1.1" 404 153 "http://localhost:8000/users/sign-in" "Mozilla/5.0 (Macintosh; Intel Mac OS X 10_15_7) AppleWebKit/537.36 (KHTML, like Gecko) Chrome/98.0.4758.109 Safari/537.36"
::1 - - [25/Feb/2022:13:30:57 +0000] "GET /CSS/layout.css HTTP/1.1" 404 153 "http://localhost:8000/users/sign-in" "Mozilla/5.0 (Macintosh; Intel Mac OS X 10_15_7) AppleWebKit/537.36 (KHTML, like Gecko) Chrome/98.0.4758.109 Safari/537.36"
::1 - - [25/Feb/2022:13:30:57 +0000] "GET /CSS/user_sign_in.css HTTP/1.1" 404 159 "http://localhost:8000/users/sign-in" "Mozilla/5.0 (Macintosh; Intel Mac OS X 10_15_7) AppleWebKit/537.36 (KHTML, like Gecko) Chrome/98.0.4758.109 Safari/537.36"
::1 - - [25/Feb/2022:13:30:57 +0000] "GET /CSS/header.css HTTP/1.1" 404 153 "http://localhost:8000/users/sign-in" "Mozilla/5.0 (Macintosh; Intel Mac OS X 10_15_7) AppleWebKit/537.36 (KHTML, like Gecko) Chrome/98.0.4758.109 Safari/537.36"
::1 - - [25/Feb/2022:13:30:57 +0000] "GET /CSS/footer.css HTTP/1.1" 404 153 "http://localhost:8000/users/sign-in" "Mozilla/5.0 (Macintosh; Intel Mac OS X 10_15_7) AppleWebKit/537.36 (KHTML, like Gecko) Chrome/98.0.4758.109 Safari/537.36"
::1 - - [25/Feb/2022:13:31:57 +0000] "GET /users/sign-in HTTP/1.1" 304 - "http://localhost:8000/" "Mozilla/5.0 (Macintosh; Intel Mac OS X 10_15_7) AppleWebKit/537.36 (KHTML, like Gecko) Chrome/98.0.4758.109 Safari/537.36"
::1 - - [25/Feb/2022:13:31:57 +0000] "GET /CSS/layout.css HTTP/1.1" 404 153 "http://localhost:8000/users/sign-in" "Mozilla/5.0 (Macintosh; Intel Mac OS X 10_15_7) AppleWebKit/537.36 (KHTML, like Gecko) Chrome/98.0.4758.109 Safari/537.36"
::1 - - [25/Feb/2022:13:31:57 +0000] "GET /CSS/user_sign_in.css HTTP/1.1" 404 159 "http://localhost:8000/users/sign-in" "Mozilla/5.0 (Macintosh; Intel Mac OS X 10_15_7) AppleWebKit/537.36 (KHTML, like Gecko) Chrome/98.0.4758.109 Safari/537.36"
::1 - - [25/Feb/2022:13:31:57 +0000] "GET /CSS/footer.css HTTP/1.1" 404 153 "http://localhost:8000/users/sign-in" "Mozilla/5.0 (Macintosh; Intel Mac OS X 10_15_7) AppleWebKit/537.36 (KHTML, like Gecko) Chrome/98.0.4758.109 Safari/537.36"
::1 - - [25/Feb/2022:13:31:57 +0000] "GET /CSS/header.css HTTP/1.1" 404 153 "http://localhost:8000/users/sign-in" "Mozilla/5.0 (Macintosh; Intel Mac OS X 10_15_7) AppleWebKit/537.36 (KHTML, like Gecko) Chrome/98.0.4758.109 Safari/537.36"
::1 - - [25/Feb/2022:13:31:59 +0000] "GET /CSS/layout.css HTTP/1.1" 404 153 "http://localhost:8000/users/sign-in" "Mozilla/5.0 (Macintosh; Intel Mac OS X 10_15_7) AppleWebKit/537.36 (KHTML, like Gecko) Chrome/98.0.4758.109 Safari/537.36"
::1 - - [25/Feb/2022:13:31:59 +0000] "GET /CSS/user_sign_in.css HTTP/1.1" 404 159 "http://localhost:8000/users/sign-in" "Mozilla/5.0 (Macintosh; Intel Mac OS X 10_15_7) AppleWebKit/537.36 (KHTML, like Gecko) Chrome/98.0.4758.109 Safari/537.36"
::1 - - [25/Feb/2022:13:31:59 +0000] "GET /CSS/header.css HTTP/1.1" 404 153 "http://localhost:8000/users/sign-in" "Mozilla/5.0 (Macintosh; Intel Mac OS X 10_15_7) AppleWebKit/537.36 (KHTML, like Gecko) Chrome/98.0.4758.109 Safari/537.36"
::1 - - [25/Feb/2022:13:31:59 +0000] "GET /CSS/footer.css HTTP/1.1" 404 153 "http://localhost:8000/users/sign-in" "Mozilla/5.0 (Macintosh; Intel Mac OS X 10_15_7) AppleWebKit/537.36 (KHTML, like Gecko) Chrome/98.0.4758.109 Safari/537.36"
::1 - - [25/Feb/2022:13:39:38 +0000] "GET /users/sign-in HTTP/1.1" 304 - "http://localhost:8000/" "Mozilla/5.0 (Macintosh; Intel Mac OS X 10_15_7) AppleWebKit/537.36 (KHTML, like Gecko) Chrome/98.0.4758.109 Safari/537.36"
::1 - - [25/Feb/2022:13:39:38 +0000] "GET /CSS/layout.css HTTP/1.1" 404 153 "http://localhost:8000/users/sign-in" "Mozilla/5.0 (Macintosh; Intel Mac OS X 10_15_7) AppleWebKit/537.36 (KHTML, like Gecko) Chrome/98.0.4758.109 Safari/537.36"
::1 - - [25/Feb/2022:13:39:38 +0000] "GET /CSS/user_sign_in.css HTTP/1.1" 404 159 "http://localhost:8000/users/sign-in" "Mozilla/5.0 (Macintosh; Intel Mac OS X 10_15_7) AppleWebKit/537.36 (KHTML, like Gecko) Chrome/98.0.4758.109 Safari/537.36"
::1 - - [25/Feb/2022:13:39:38 +0000] "GET /CSS/header.css HTTP/1.1" 404 153 "http://localhost:8000/users/sign-in" "Mozilla/5.0 (Macintosh; Intel Mac OS X 10_15_7) AppleWebKit/537.36 (KHTML, like Gecko) Chrome/98.0.4758.109 Safari/537.36"
::1 - - [25/Feb/2022:13:39:38 +0000] "GET /CSS/footer.css HTTP/1.1" 404 153 "http://localhost:8000/users/sign-in" "Mozilla/5.0 (Macintosh; Intel Mac OS X 10_15_7) AppleWebKit/537.36 (KHTML, like Gecko) Chrome/98.0.4758.109 Safari/537.36"
::1 - - [25/Feb/2022:13:39:39 +0000] "GET /CSS/layout.css HTTP/1.1" 404 153 "http://localhost:8000/users/sign-in" "Mozilla/5.0 (Macintosh; Intel Mac OS X 10_15_7) AppleWebKit/537.36 (KHTML, like Gecko) Chrome/98.0.4758.109 Safari/537.36"
::1 - - [25/Feb/2022:13:39:39 +0000] "GET /CSS/user_sign_in.css HTTP/1.1" 404 159 "http://localhost:8000/users/sign-in" "Mozilla/5.0 (Macintosh; Intel Mac OS X 10_15_7) AppleWebKit/537.36 (KHTML, like Gecko) Chrome/98.0.4758.109 Safari/537.36"
::1 - - [25/Feb/2022:13:39:39 +0000] "GET /CSS/header.css HTTP/1.1" 404 153 "http://localhost:8000/users/sign-in" "Mozilla/5.0 (Macintosh; Intel Mac OS X 10_15_7) AppleWebKit/537.36 (KHTML, like Gecko) Chrome/98.0.4758.109 Safari/537.36"
::1 - - [25/Feb/2022:13:39:39 +0000] "GET /CSS/footer.css HTTP/1.1" 404 153 "http://localhost:8000/users/sign-in" "Mozilla/5.0 (Macintosh; Intel Mac OS X 10_15_7) AppleWebKit/537.36 (KHTML, like Gecko) Chrome/98.0.4758.109 Safari/537.36"
::1 - - [25/Feb/2022:13:41:34 +0000] "GET /users/sign-in HTTP/1.1" 200 2799 "http://localhost:8000/" "Mozilla/5.0 (Macintosh; Intel Mac OS X 10_15_7) AppleWebKit/537.36 (KHTML, like Gecko) Chrome/98.0.4758.109 Safari/537.36"
::1 - - [25/Feb/2022:13:41:41 +0000] "GET /users/sign-in HTTP/1.1" 304 - "http://localhost:8000/" "Mozilla/5.0 (Macintosh; Intel Mac OS X 10_15_7) AppleWebKit/537.36 (KHTML, like Gecko) Chrome/98.0.4758.109 Safari/537.36"
::1 - - [25/Feb/2022:13:41:45 +0000] "GET / HTTP/1.1" 200 2826 "http://localhost:8000/users/sign-in" "Mozilla/5.0 (Macintosh; Intel Mac OS X 10_15_7) AppleWebKit/537.36 (KHTML, like Gecko) Chrome/98.0.4758.109 Safari/537.36"
::1 - - [25/Feb/2022:13:41:45 +0000] "GET /Javascript/toggle_likes.js HTTP/1.1" 404 165 "http://localhost:8000/" "Mozilla/5.0 (Macintosh; Intel Mac OS X 10_15_7) AppleWebKit/537.36 (KHTML, like Gecko) Chrome/98.0.4758.109 Safari/537.36"
::1 - - [25/Feb/2022:13:41:45 +0000] "GET /Javascript/home_post_comments.js HTTP/1.1" 404 171 "http://localhost:8000/" "Mozilla/5.0 (Macintosh; Intel Mac OS X 10_15_7) AppleWebKit/537.36 (KHTML, like Gecko) Chrome/98.0.4758.109 Safari/537.36"
::1 - - [25/Feb/2022:13:41:45 +0000] "GET /Javascript/home_posts.js HTTP/1.1" 404 163 "http://localhost:8000/" "Mozilla/5.0 (Macintosh; Intel Mac OS X 10_15_7) AppleWebKit/537.36 (KHTML, like Gecko) Chrome/98.0.4758.109 Safari/537.36"
::1 - - [25/Feb/2022:13:41:45 +0000] "GET /Javascript/chat_engine.js HTTP/1.1" 404 164 "http://localhost:8000/" "Mozilla/5.0 (Macintosh; Intel Mac OS X 10_15_7) AppleWebKit/537.36 (KHTML, like Gecko) Chrome/98.0.4758.109 Safari/537.36"
::1 - - [25/Feb/2022:13:41:46 +0000] "GET /Javascript/home_posts.js HTTP/1.1" 404 163 "http://localhost:8000/" "Mozilla/5.0 (Macintosh; Intel Mac OS X 10_15_7) AppleWebKit/537.36 (KHTML, like Gecko) Chrome/98.0.4758.109 Safari/537.36"
::1 - - [25/Feb/2022:13:41:46 +0000] "GET /Javascript/toggle_likes.js HTTP/1.1" 404 165 "http://localhost:8000/" "Mozilla/5.0 (Macintosh; Intel Mac OS X 10_15_7) AppleWebKit/537.36 (KHTML, like Gecko) Chrome/98.0.4758.109 Safari/537.36"
::1 - - [25/Feb/2022:13:41:46 +0000] "GET /Javascript/chat_engine.js HTTP/1.1" 404 164 "http://localhost:8000/" "Mozilla/5.0 (Macintosh; Intel Mac OS X 10_15_7) AppleWebKit/537.36 (KHTML, like Gecko) Chrome/98.0.4758.109 Safari/537.36"
::1 - - [25/Feb/2022:13:42:34 +0000] "GET / HTTP/1.1" 304 - "http://localhost:8000/users/sign-in" "Mozilla/5.0 (Macintosh; Intel Mac OS X 10_15_7) AppleWebKit/537.36 (KHTML, like Gecko) Chrome/98.0.4758.109 Safari/537.36"
::1 - - [25/Feb/2022:13:42:34 +0000] "GET /Javascript/home_post_comments.js HTTP/1.1" 404 171 "http://localhost:8000/" "Mozilla/5.0 (Macintosh; Intel Mac OS X 10_15_7) AppleWebKit/537.36 (KHTML, like Gecko) Chrome/98.0.4758.109 Safari/537.36"
::1 - - [25/Feb/2022:13:42:34 +0000] "GET /Javascript/home_posts.js HTTP/1.1" 404 163 "http://localhost:8000/" "Mozilla/5.0 (Macintosh; Intel Mac OS X 10_15_7) AppleWebKit/537.36 (KHTML, like Gecko) Chrome/98.0.4758.109 Safari/537.36"
::1 - - [25/Feb/2022:13:42:34 +0000] "GET /Javascript/chat_engine.js HTTP/1.1" 404 164 "http://localhost:8000/" "Mozilla/5.0 (Macintosh; Intel Mac OS X 10_15_7) AppleWebKit/537.36 (KHTML, like Gecko) Chrome/98.0.4758.109 Safari/537.36"
::1 - - [25/Feb/2022:13:42:34 +0000] "GET /Javascript/toggle_likes.js HTTP/1.1" 404 165 "http://localhost:8000/" "Mozilla/5.0 (Macintosh; Intel Mac OS X 10_15_7) AppleWebKit/537.36 (KHTML, like Gecko) Chrome/98.0.4758.109 Safari/537.36"
::1 - - [25/Feb/2022:13:42:35 +0000] "GET /Javascript/home_post_comments.js HTTP/1.1" 404 171 "http://localhost:8000/" "Mozilla/5.0 (Macintosh; Intel Mac OS X 10_15_7) AppleWebKit/537.36 (KHTML, like Gecko) Chrome/98.0.4758.109 Safari/537.36"
::1 - - [25/Feb/2022:13:42:35 +0000] "GET /Javascript/home_posts.js HTTP/1.1" 404 163 "http://localhost:8000/" "Mozilla/5.0 (Macintosh; Intel Mac OS X 10_15_7) AppleWebKit/537.36 (KHTML, like Gecko) Chrome/98.0.4758.109 Safari/537.36"
::1 - - [25/Feb/2022:13:42:35 +0000] "GET /Javascript/toggle_likes.js HTTP/1.1" 404 165 "http://localhost:8000/" "Mozilla/5.0 (Macintosh; Intel Mac OS X 10_15_7) AppleWebKit/537.36 (KHTML, like Gecko) Chrome/98.0.4758.109 Safari/537.36"
::1 - - [25/Feb/2022:13:42:35 +0000] "GET /Javascript/chat_engine.js HTTP/1.1" 404 164 "http://localhost:8000/" "Mozilla/5.0 (Macintosh; Intel Mac OS X 10_15_7) AppleWebKit/537.36 (KHTML, like Gecko) Chrome/98.0.4758.109 Safari/537.36"
::1 - - [25/Feb/2022:13:47:36 +0000] "GET / HTTP/1.1" 304 - "http://localhost:8000/users/sign-in" "Mozilla/5.0 (Macintosh; Intel Mac OS X 10_15_7) AppleWebKit/537.36 (KHTML, like Gecko) Chrome/98.0.4758.109 Safari/537.36"
::1 - - [25/Feb/2022:13:47:36 +0000] "GET /Javascript/home_posts.js HTTP/1.1" 404 163 "http://localhost:8000/" "Mozilla/5.0 (Macintosh; Intel Mac OS X 10_15_7) AppleWebKit/537.36 (KHTML, like Gecko) Chrome/98.0.4758.109 Safari/537.36"
::1 - - [25/Feb/2022:13:47:36 +0000] "GET /Javascript/toggle_likes.js HTTP/1.1" 404 165 "http://localhost:8000/" "Mozilla/5.0 (Macintosh; Intel Mac OS X 10_15_7) AppleWebKit/537.36 (KHTML, like Gecko) Chrome/98.0.4758.109 Safari/537.36"
::1 - - [25/Feb/2022:13:47:36 +0000] "GET /Javascript/home_post_comments.js HTTP/1.1" 404 171 "http://localhost:8000/" "Mozilla/5.0 (Macintosh; Intel Mac OS X 10_15_7) AppleWebKit/537.36 (KHTML, like Gecko) Chrome/98.0.4758.109 Safari/537.36"
::1 - - [25/Feb/2022:13:47:36 +0000] "GET /Javascript/chat_engine.js HTTP/1.1" 404 164 "http://localhost:8000/" "Mozilla/5.0 (Macintosh; Intel Mac OS X 10_15_7) AppleWebKit/537.36 (KHTML, like Gecko) Chrome/98.0.4758.109 Safari/537.36"
::1 - - [25/Feb/2022:13:47:37 +0000] "GET /Javascript/home_post_comments.js HTTP/1.1" 404 171 "http://localhost:8000/" "Mozilla/5.0 (Macintosh; Intel Mac OS X 10_15_7) AppleWebKit/537.36 (KHTML, like Gecko) Chrome/98.0.4758.109 Safari/537.36"
::1 - - [25/Feb/2022:13:47:37 +0000] "GET /Javascript/home_posts.js HTTP/1.1" 404 163 "http://localhost:8000/" "Mozilla/5.0 (Macintosh; Intel Mac OS X 10_15_7) AppleWebKit/537.36 (KHTML, like Gecko) Chrome/98.0.4758.109 Safari/537.36"
::1 - - [25/Feb/2022:13:47:37 +0000] "GET /Javascript/toggle_likes.js HTTP/1.1" 404 165 "http://localhost:8000/" "Mozilla/5.0 (Macintosh; Intel Mac OS X 10_15_7) AppleWebKit/537.36 (KHTML, like Gecko) Chrome/98.0.4758.109 Safari/537.36"
::1 - - [25/Feb/2022:13:47:37 +0000] "GET /Javascript/chat_engine.js HTTP/1.1" 404 164 "http://localhost:8000/" "Mozilla/5.0 (Macintosh; Intel Mac OS X 10_15_7) AppleWebKit/537.36 (KHTML, like Gecko) Chrome/98.0.4758.109 Safari/537.36"
::1 - - [25/Feb/2022:13:47:37 +0000] "GET / HTTP/1.1" 304 - "http://localhost:8000/users/sign-in" "Mozilla/5.0 (Macintosh; Intel Mac OS X 10_15_7) AppleWebKit/537.36 (KHTML, like Gecko) Chrome/98.0.4758.109 Safari/537.36"
::1 - - [25/Feb/2022:13:47:37 +0000] "GET /Javascript/home_posts.js HTTP/1.1" 404 163 "http://localhost:8000/" "Mozilla/5.0 (Macintosh; Intel Mac OS X 10_15_7) AppleWebKit/537.36 (KHTML, like Gecko) Chrome/98.0.4758.109 Safari/537.36"
::1 - - [25/Feb/2022:13:47:37 +0000] "GET /Javascript/chat_engine.js HTTP/1.1" 404 164 "http://localhost:8000/" "Mozilla/5.0 (Macintosh; Intel Mac OS X 10_15_7) AppleWebKit/537.36 (KHTML, like Gecko) Chrome/98.0.4758.109 Safari/537.36"
::1 - - [25/Feb/2022:13:47:37 +0000] "GET /Javascript/home_post_comments.js HTTP/1.1" 404 171 "http://localhost:8000/" "Mozilla/5.0 (Macintosh; Intel Mac OS X 10_15_7) AppleWebKit/537.36 (KHTML, like Gecko) Chrome/98.0.4758.109 Safari/537.36"
::1 - - [25/Feb/2022:13:47:37 +0000] "GET /Javascript/toggle_likes.js HTTP/1.1" 404 165 "http://localhost:8000/" "Mozilla/5.0 (Macintosh; Intel Mac OS X 10_15_7) AppleWebKit/537.36 (KHTML, like Gecko) Chrome/98.0.4758.109 Safari/537.36"
::1 - - [25/Feb/2022:13:47:37 +0000] "GET /Javascript/home_posts.js HTTP/1.1" 404 163 "http://localhost:8000/" "Mozilla/5.0 (Macintosh; Intel Mac OS X 10_15_7) AppleWebKit/537.36 (KHTML, like Gecko) Chrome/98.0.4758.109 Safari/537.36"
::1 - - [25/Feb/2022:13:47:37 +0000] "GET /Javascript/toggle_likes.js HTTP/1.1" 404 165 "http://localhost:8000/" "Mozilla/5.0 (Macintosh; Intel Mac OS X 10_15_7) AppleWebKit/537.36 (KHTML, like Gecko) Chrome/98.0.4758.109 Safari/537.36"
::1 - - [25/Feb/2022:13:47:38 +0000] "GET /Javascript/chat_engine.js HTTP/1.1" 404 164 "http://localhost:8000/" "Mozilla/5.0 (Macintosh; Intel Mac OS X 10_15_7) AppleWebKit/537.36 (KHTML, like Gecko) Chrome/98.0.4758.109 Safari/537.36"
::1 - - [25/Feb/2022:13:47:38 +0000] "GET / HTTP/1.1" 304 - "http://localhost:8000/users/sign-in" "Mozilla/5.0 (Macintosh; Intel Mac OS X 10_15_7) AppleWebKit/537.36 (KHTML, like Gecko) Chrome/98.0.4758.109 Safari/537.36"
::1 - - [25/Feb/2022:13:47:38 +0000] "GET /Javascript/home_post_comments.js HTTP/1.1" 404 171 "http://localhost:8000/" "Mozilla/5.0 (Macintosh; Intel Mac OS X 10_15_7) AppleWebKit/537.36 (KHTML, like Gecko) Chrome/98.0.4758.109 Safari/537.36"
::1 - - [25/Feb/2022:13:47:38 +0000] "GET /Javascript/home_posts.js HTTP/1.1" 404 163 "http://localhost:8000/" "Mozilla/5.0 (Macintosh; Intel Mac OS X 10_15_7) AppleWebKit/537.36 (KHTML, like Gecko) Chrome/98.0.4758.109 Safari/537.36"
::1 - - [25/Feb/2022:13:47:38 +0000] "GET /Javascript/chat_engine.js HTTP/1.1" 404 164 "http://localhost:8000/" "Mozilla/5.0 (Macintosh; Intel Mac OS X 10_15_7) AppleWebKit/537.36 (KHTML, like Gecko) Chrome/98.0.4758.109 Safari/537.36"
::1 - - [25/Feb/2022:13:47:38 +0000] "GET /Javascript/toggle_likes.js HTTP/1.1" 404 165 "http://localhost:8000/" "Mozilla/5.0 (Macintosh; Intel Mac OS X 10_15_7) AppleWebKit/537.36 (KHTML, like Gecko) Chrome/98.0.4758.109 Safari/537.36"
::1 - - [25/Feb/2022:13:47:38 +0000] "GET /Javascript/home_posts.js HTTP/1.1" 404 163 "http://localhost:8000/" "Mozilla/5.0 (Macintosh; Intel Mac OS X 10_15_7) AppleWebKit/537.36 (KHTML, like Gecko) Chrome/98.0.4758.109 Safari/537.36"
::1 - - [25/Feb/2022:13:47:38 +0000] "GET /Javascript/toggle_likes.js HTTP/1.1" 404 165 "http://localhost:8000/" "Mozilla/5.0 (Macintosh; Intel Mac OS X 10_15_7) AppleWebKit/537.36 (KHTML, like Gecko) Chrome/98.0.4758.109 Safari/537.36"
::1 - - [25/Feb/2022:13:47:38 +0000] "GET /Javascript/chat_engine.js HTTP/1.1" 404 164 "http://localhost:8000/" "Mozilla/5.0 (Macintosh; Intel Mac OS X 10_15_7) AppleWebKit/537.36 (KHTML, like Gecko) Chrome/98.0.4758.109 Safari/537.36"
::1 - - [25/Feb/2022:13:47:38 +0000] "GET / HTTP/1.1" 304 - "http://localhost:8000/users/sign-in" "Mozilla/5.0 (Macintosh; Intel Mac OS X 10_15_7) AppleWebKit/537.36 (KHTML, like Gecko) Chrome/98.0.4758.109 Safari/537.36"
::1 - - [25/Feb/2022:13:47:38 +0000] "GET /Javascript/home_posts.js HTTP/1.1" 404 163 "http://localhost:8000/" "Mozilla/5.0 (Macintosh; Intel Mac OS X 10_15_7) AppleWebKit/537.36 (KHTML, like Gecko) Chrome/98.0.4758.109 Safari/537.36"
::1 - - [25/Feb/2022:13:47:38 +0000] "GET /Javascript/home_post_comments.js HTTP/1.1" 404 171 "http://localhost:8000/" "Mozilla/5.0 (Macintosh; Intel Mac OS X 10_15_7) AppleWebKit/537.36 (KHTML, like Gecko) Chrome/98.0.4758.109 Safari/537.36"
::1 - - [25/Feb/2022:13:47:38 +0000] "GET /Javascript/toggle_likes.js HTTP/1.1" 404 165 "http://localhost:8000/" "Mozilla/5.0 (Macintosh; Intel Mac OS X 10_15_7) AppleWebKit/537.36 (KHTML, like Gecko) Chrome/98.0.4758.109 Safari/537.36"
::1 - - [25/Feb/2022:13:47:38 +0000] "GET /Javascript/chat_engine.js HTTP/1.1" 404 164 "http://localhost:8000/" "Mozilla/5.0 (Macintosh; Intel Mac OS X 10_15_7) AppleWebKit/537.36 (KHTML, like Gecko) Chrome/98.0.4758.109 Safari/537.36"
::1 - - [25/Feb/2022:13:47:38 +0000] "GET /Javascript/toggle_likes.js HTTP/1.1" 404 165 "http://localhost:8000/" "Mozilla/5.0 (Macintosh; Intel Mac OS X 10_15_7) AppleWebKit/537.36 (KHTML, like Gecko) Chrome/98.0.4758.109 Safari/537.36"
::1 - - [25/Feb/2022:13:47:38 +0000] "GET /Javascript/chat_engine.js HTTP/1.1" 404 164 "http://localhost:8000/" "Mozilla/5.0 (Macintosh; Intel Mac OS X 10_15_7) AppleWebKit/537.36 (KHTML, like Gecko) Chrome/98.0.4758.109 Safari/537.36"
::1 - - [25/Feb/2022:13:47:39 +0000] "GET / HTTP/1.1" 304 - "http://localhost:8000/users/sign-in" "Mozilla/5.0 (Macintosh; Intel Mac OS X 10_15_7) AppleWebKit/537.36 (KHTML, like Gecko) Chrome/98.0.4758.109 Safari/537.36"
::1 - - [25/Feb/2022:13:47:39 +0000] "GET /Javascript/home_post_comments.js HTTP/1.1" 404 171 "http://localhost:8000/" "Mozilla/5.0 (Macintosh; Intel Mac OS X 10_15_7) AppleWebKit/537.36 (KHTML, like Gecko) Chrome/98.0.4758.109 Safari/537.36"
::1 - - [25/Feb/2022:13:47:39 +0000] "GET /Javascript/toggle_likes.js HTTP/1.1" 404 165 "http://localhost:8000/" "Mozilla/5.0 (Macintosh; Intel Mac OS X 10_15_7) AppleWebKit/537.36 (KHTML, like Gecko) Chrome/98.0.4758.109 Safari/537.36"
::1 - - [25/Feb/2022:13:47:39 +0000] "GET /Javascript/home_posts.js HTTP/1.1" 404 163 "http://localhost:8000/" "Mozilla/5.0 (Macintosh; Intel Mac OS X 10_15_7) AppleWebKit/537.36 (KHTML, like Gecko) Chrome/98.0.4758.109 Safari/537.36"
::1 - - [25/Feb/2022:13:47:39 +0000] "GET /Javascript/chat_engine.js HTTP/1.1" 404 164 "http://localhost:8000/" "Mozilla/5.0 (Macintosh; Intel Mac OS X 10_15_7) AppleWebKit/537.36 (KHTML, like Gecko) Chrome/98.0.4758.109 Safari/537.36"
::1 - - [25/Feb/2022:13:47:39 +0000] "GET /Javascript/toggle_likes.js HTTP/1.1" 404 165 "http://localhost:8000/" "Mozilla/5.0 (Macintosh; Intel Mac OS X 10_15_7) AppleWebKit/537.36 (KHTML, like Gecko) Chrome/98.0.4758.109 Safari/537.36"
::1 - - [25/Feb/2022:13:47:39 +0000] "GET /Javascript/chat_engine.js HTTP/1.1" 404 164 "http://localhost:8000/" "Mozilla/5.0 (Macintosh; Intel Mac OS X 10_15_7) AppleWebKit/537.36 (KHTML, like Gecko) Chrome/98.0.4758.109 Safari/537.36"
::1 - - [25/Feb/2022:13:47:39 +0000] "GET / HTTP/1.1" 304 - "http://localhost:8000/users/sign-in" "Mozilla/5.0 (Macintosh; Intel Mac OS X 10_15_7) AppleWebKit/537.36 (KHTML, like Gecko) Chrome/98.0.4758.109 Safari/537.36"
::1 - - [25/Feb/2022:13:47:39 +0000] "GET /Javascript/toggle_likes.js HTTP/1.1" 404 165 "http://localhost:8000/" "Mozilla/5.0 (Macintosh; Intel Mac OS X 10_15_7) AppleWebKit/537.36 (KHTML, like Gecko) Chrome/98.0.4758.109 Safari/537.36"
::1 - - [25/Feb/2022:13:47:39 +0000] "GET /Javascript/home_posts.js HTTP/1.1" 404 163 "http://localhost:8000/" "Mozilla/5.0 (Macintosh; Intel Mac OS X 10_15_7) AppleWebKit/537.36 (KHTML, like Gecko) Chrome/98.0.4758.109 Safari/537.36"
::1 - - [25/Feb/2022:13:47:39 +0000] "GET /Javascript/home_post_comments.js HTTP/1.1" 404 171 "http://localhost:8000/" "Mozilla/5.0 (Macintosh; Intel Mac OS X 10_15_7) AppleWebKit/537.36 (KHTML, like Gecko) Chrome/98.0.4758.109 Safari/537.36"
::1 - - [25/Feb/2022:13:47:39 +0000] "GET /Javascript/chat_engine.js HTTP/1.1" 404 164 "http://localhost:8000/" "Mozilla/5.0 (Macintosh; Intel Mac OS X 10_15_7) AppleWebKit/537.36 (KHTML, like Gecko) Chrome/98.0.4758.109 Safari/537.36"
::1 - - [25/Feb/2022:13:47:39 +0000] "GET /Javascript/toggle_likes.js HTTP/1.1" 404 165 "http://localhost:8000/" "Mozilla/5.0 (Macintosh; Intel Mac OS X 10_15_7) AppleWebKit/537.36 (KHTML, like Gecko) Chrome/98.0.4758.109 Safari/537.36"
::1 - - [25/Feb/2022:13:47:39 +0000] "GET /Javascript/chat_engine.js HTTP/1.1" 404 164 "http://localhost:8000/" "Mozilla/5.0 (Macintosh; Intel Mac OS X 10_15_7) AppleWebKit/537.36 (KHTML, like Gecko) Chrome/98.0.4758.109 Safari/537.36"
::1 - - [25/Feb/2022:13:47:39 +0000] "GET / HTTP/1.1" 304 - "http://localhost:8000/users/sign-in" "Mozilla/5.0 (Macintosh; Intel Mac OS X 10_15_7) AppleWebKit/537.36 (KHTML, like Gecko) Chrome/98.0.4758.109 Safari/537.36"
::1 - - [25/Feb/2022:13:47:39 +0000] "GET /Javascript/home_post_comments.js HTTP/1.1" 404 171 "http://localhost:8000/" "Mozilla/5.0 (Macintosh; Intel Mac OS X 10_15_7) AppleWebKit/537.36 (KHTML, like Gecko) Chrome/98.0.4758.109 Safari/537.36"
::1 - - [25/Feb/2022:13:47:39 +0000] "GET /Javascript/home_posts.js HTTP/1.1" 404 163 "http://localhost:8000/" "Mozilla/5.0 (Macintosh; Intel Mac OS X 10_15_7) AppleWebKit/537.36 (KHTML, like Gecko) Chrome/98.0.4758.109 Safari/537.36"
::1 - - [25/Feb/2022:13:47:39 +0000] "GET /Javascript/toggle_likes.js HTTP/1.1" 404 165 "http://localhost:8000/" "Mozilla/5.0 (Macintosh; Intel Mac OS X 10_15_7) AppleWebKit/537.36 (KHTML, like Gecko) Chrome/98.0.4758.109 Safari/537.36"
::1 - - [25/Feb/2022:13:47:39 +0000] "GET /Javascript/chat_engine.js HTTP/1.1" 404 164 "http://localhost:8000/" "Mozilla/5.0 (Macintosh; Intel Mac OS X 10_15_7) AppleWebKit/537.36 (KHTML, like Gecko) Chrome/98.0.4758.109 Safari/537.36"
::1 - - [25/Feb/2022:13:47:39 +0000] "GET /Javascript/home_posts.js HTTP/1.1" 404 163 "http://localhost:8000/" "Mozilla/5.0 (Macintosh; Intel Mac OS X 10_15_7) AppleWebKit/537.36 (KHTML, like Gecko) Chrome/98.0.4758.109 Safari/537.36"
::1 - - [25/Feb/2022:13:47:39 +0000] "GET /Javascript/toggle_likes.js HTTP/1.1" 404 165 "http://localhost:8000/" "Mozilla/5.0 (Macintosh; Intel Mac OS X 10_15_7) AppleWebKit/537.36 (KHTML, like Gecko) Chrome/98.0.4758.109 Safari/537.36"
::1 - - [25/Feb/2022:13:47:39 +0000] "GET /Javascript/chat_engine.js HTTP/1.1" 404 164 "http://localhost:8000/" "Mozilla/5.0 (Macintosh; Intel Mac OS X 10_15_7) AppleWebKit/537.36 (KHTML, like Gecko) Chrome/98.0.4758.109 Safari/537.36"
::1 - - [25/Feb/2022:13:47:39 +0000] "GET / HTTP/1.1" 304 - "http://localhost:8000/users/sign-in" "Mozilla/5.0 (Macintosh; Intel Mac OS X 10_15_7) AppleWebKit/537.36 (KHTML, like Gecko) Chrome/98.0.4758.109 Safari/537.36"
::1 - - [25/Feb/2022:13:47:39 +0000] "GET /Javascript/home_post_comments.js HTTP/1.1" 404 171 "http://localhost:8000/" "Mozilla/5.0 (Macintosh; Intel Mac OS X 10_15_7) AppleWebKit/537.36 (KHTML, like Gecko) Chrome/98.0.4758.109 Safari/537.36"
::1 - - [25/Feb/2022:13:47:39 +0000] "GET /Javascript/home_posts.js HTTP/1.1" 404 163 "http://localhost:8000/" "Mozilla/5.0 (Macintosh; Intel Mac OS X 10_15_7) AppleWebKit/537.36 (KHTML, like Gecko) Chrome/98.0.4758.109 Safari/537.36"
::1 - - [25/Feb/2022:13:47:39 +0000] "GET /Javascript/toggle_likes.js HTTP/1.1" 404 165 "http://localhost:8000/" "Mozilla/5.0 (Macintosh; Intel Mac OS X 10_15_7) AppleWebKit/537.36 (KHTML, like Gecko) Chrome/98.0.4758.109 Safari/537.36"
::1 - - [25/Feb/2022:13:47:39 +0000] "GET /Javascript/chat_engine.js HTTP/1.1" 404 164 "http://localhost:8000/" "Mozilla/5.0 (Macintosh; Intel Mac OS X 10_15_7) AppleWebKit/537.36 (KHTML, like Gecko) Chrome/98.0.4758.109 Safari/537.36"
::1 - - [25/Feb/2022:13:47:39 +0000] "GET /Javascript/chat_engine.js HTTP/1.1" 404 164 "http://localhost:8000/" "Mozilla/5.0 (Macintosh; Intel Mac OS X 10_15_7) AppleWebKit/537.36 (KHTML, like Gecko) Chrome/98.0.4758.109 Safari/537.36"
::1 - - [25/Feb/2022:13:47:55 +0000] "GET / HTTP/1.1" 304 - "http://localhost:8000/users/sign-in" "Mozilla/5.0 (Macintosh; Intel Mac OS X 10_15_7) AppleWebKit/537.36 (KHTML, like Gecko) Chrome/98.0.4758.109 Safari/537.36"
::1 - - [25/Feb/2022:13:47:55 +0000] "GET /Javascript/home_post_comments.js HTTP/1.1" 404 171 "http://localhost:8000/" "Mozilla/5.0 (Macintosh; Intel Mac OS X 10_15_7) AppleWebKit/537.36 (KHTML, like Gecko) Chrome/98.0.4758.109 Safari/537.36"
::1 - - [25/Feb/2022:13:47:55 +0000] "GET /Javascript/chat_engine.js HTTP/1.1" 404 164 "http://localhost:8000/" "Mozilla/5.0 (Macintosh; Intel Mac OS X 10_15_7) AppleWebKit/537.36 (KHTML, like Gecko) Chrome/98.0.4758.109 Safari/537.36"
::1 - - [25/Feb/2022:13:47:55 +0000] "GET /Javascript/toggle_likes.js HTTP/1.1" 404 165 "http://localhost:8000/" "Mozilla/5.0 (Macintosh; Intel Mac OS X 10_15_7) AppleWebKit/537.36 (KHTML, like Gecko) Chrome/98.0.4758.109 Safari/537.36"
::1 - - [25/Feb/2022:13:47:55 +0000] "GET /Javascript/home_posts.js HTTP/1.1" 404 163 "http://localhost:8000/" "Mozilla/5.0 (Macintosh; Intel Mac OS X 10_15_7) AppleWebKit/537.36 (KHTML, like Gecko) Chrome/98.0.4758.109 Safari/537.36"
::1 - - [25/Feb/2022:13:47:55 +0000] "GET /Javascript/chat_engine.js HTTP/1.1" 404 164 "http://localhost:8000/" "Mozilla/5.0 (Macintosh; Intel Mac OS X 10_15_7) AppleWebKit/537.36 (KHTML, like Gecko) Chrome/98.0.4758.109 Safari/537.36"
::1 - - [25/Feb/2022:13:49:03 +0000] "GET / HTTP/1.1" 304 - "http://localhost:8000/users/sign-in" "Mozilla/5.0 (Macintosh; Intel Mac OS X 10_15_7) AppleWebKit/537.36 (KHTML, like Gecko) Chrome/98.0.4758.109 Safari/537.36"
::1 - - [25/Feb/2022:13:49:03 +0000] "GET /Javascript/toggle_likes.js HTTP/1.1" 404 165 "http://localhost:8000/" "Mozilla/5.0 (Macintosh; Intel Mac OS X 10_15_7) AppleWebKit/537.36 (KHTML, like Gecko) Chrome/98.0.4758.109 Safari/537.36"
::1 - - [25/Feb/2022:13:49:03 +0000] "GET /Javascript/home_posts.js HTTP/1.1" 404 163 "http://localhost:8000/" "Mozilla/5.0 (Macintosh; Intel Mac OS X 10_15_7) AppleWebKit/537.36 (KHTML, like Gecko) Chrome/98.0.4758.109 Safari/537.36"
::1 - - [25/Feb/2022:13:49:03 +0000] "GET /Javascript/home_post_comments.js HTTP/1.1" 404 171 "http://localhost:8000/" "Mozilla/5.0 (Macintosh; Intel Mac OS X 10_15_7) AppleWebKit/537.36 (KHTML, like Gecko) Chrome/98.0.4758.109 Safari/537.36"
::1 - - [25/Feb/2022:13:49:03 +0000] "GET /Javascript/chat_engine.js HTTP/1.1" 404 164 "http://localhost:8000/" "Mozilla/5.0 (Macintosh; Intel Mac OS X 10_15_7) AppleWebKit/537.36 (KHTML, like Gecko) Chrome/98.0.4758.109 Safari/537.36"
::1 - - [25/Feb/2022:13:49:04 +0000] "GET /Javascript/home_post_comments.js HTTP/1.1" 404 171 "http://localhost:8000/" "Mozilla/5.0 (Macintosh; Intel Mac OS X 10_15_7) AppleWebKit/537.36 (KHTML, like Gecko) Chrome/98.0.4758.109 Safari/537.36"
::1 - - [25/Feb/2022:13:49:04 +0000] "GET /Javascript/home_posts.js HTTP/1.1" 404 163 "http://localhost:8000/" "Mozilla/5.0 (Macintosh; Intel Mac OS X 10_15_7) AppleWebKit/537.36 (KHTML, like Gecko) Chrome/98.0.4758.109 Safari/537.36"
::1 - - [25/Feb/2022:13:49:04 +0000] "GET /Javascript/toggle_likes.js HTTP/1.1" 404 165 "http://localhost:8000/" "Mozilla/5.0 (Macintosh; Intel Mac OS X 10_15_7) AppleWebKit/537.36 (KHTML, like Gecko) Chrome/98.0.4758.109 Safari/537.36"
::1 - - [25/Feb/2022:13:49:04 +0000] "GET /Javascript/chat_engine.js HTTP/1.1" 404 164 "http://localhost:8000/" "Mozilla/5.0 (Macintosh; Intel Mac OS X 10_15_7) AppleWebKit/537.36 (KHTML, like Gecko) Chrome/98.0.4758.109 Safari/537.36"
::1 - - [25/Feb/2022:13:49:05 +0000] "GET / HTTP/1.1" 304 - "http://localhost:8000/users/sign-in" "Mozilla/5.0 (Macintosh; Intel Mac OS X 10_15_7) AppleWebKit/537.36 (KHTML, like Gecko) Chrome/98.0.4758.109 Safari/537.36"
::1 - - [25/Feb/2022:13:49:05 +0000] "GET /Javascript/home_post_comments.js HTTP/1.1" 404 171 "http://localhost:8000/" "Mozilla/5.0 (Macintosh; Intel Mac OS X 10_15_7) AppleWebKit/537.36 (KHTML, like Gecko) Chrome/98.0.4758.109 Safari/537.36"
::1 - - [25/Feb/2022:13:49:05 +0000] "GET /Javascript/toggle_likes.js HTTP/1.1" 404 165 "http://localhost:8000/" "Mozilla/5.0 (Macintosh; Intel Mac OS X 10_15_7) AppleWebKit/537.36 (KHTML, like Gecko) Chrome/98.0.4758.109 Safari/537.36"
::1 - - [25/Feb/2022:13:49:05 +0000] "GET /Javascript/home_posts.js HTTP/1.1" 404 163 "http://localhost:8000/" "Mozilla/5.0 (Macintosh; Intel Mac OS X 10_15_7) AppleWebKit/537.36 (KHTML, like Gecko) Chrome/98.0.4758.109 Safari/537.36"
::1 - - [25/Feb/2022:13:49:05 +0000] "GET /Javascript/chat_engine.js HTTP/1.1" 404 164 "http://localhost:8000/" "Mozilla/5.0 (Macintosh; Intel Mac OS X 10_15_7) AppleWebKit/537.36 (KHTML, like Gecko) Chrome/98.0.4758.109 Safari/537.36"
::1 - - [25/Feb/2022:13:49:05 +0000] "GET /Javascript/home_posts.js HTTP/1.1" 404 163 "http://localhost:8000/" "Mozilla/5.0 (Macintosh; Intel Mac OS X 10_15_7) AppleWebKit/537.36 (KHTML, like Gecko) Chrome/98.0.4758.109 Safari/537.36"
::1 - - [25/Feb/2022:13:49:05 +0000] "GET /Javascript/toggle_likes.js HTTP/1.1" 404 165 "http://localhost:8000/" "Mozilla/5.0 (Macintosh; Intel Mac OS X 10_15_7) AppleWebKit/537.36 (KHTML, like Gecko) Chrome/98.0.4758.109 Safari/537.36"
::1 - - [25/Feb/2022:13:49:05 +0000] "GET /Javascript/chat_engine.js HTTP/1.1" 404 164 "http://localhost:8000/" "Mozilla/5.0 (Macintosh; Intel Mac OS X 10_15_7) AppleWebKit/537.36 (KHTML, like Gecko) Chrome/98.0.4758.109 Safari/537.36"
::1 - - [25/Feb/2022:13:49:05 +0000] "GET / HTTP/1.1" 304 - "http://localhost:8000/users/sign-in" "Mozilla/5.0 (Macintosh; Intel Mac OS X 10_15_7) AppleWebKit/537.36 (KHTML, like Gecko) Chrome/98.0.4758.109 Safari/537.36"
::1 - - [25/Feb/2022:13:49:05 +0000] "GET /Javascript/home_post_comments.js HTTP/1.1" 404 171 "http://localhost:8000/" "Mozilla/5.0 (Macintosh; Intel Mac OS X 10_15_7) AppleWebKit/537.36 (KHTML, like Gecko) Chrome/98.0.4758.109 Safari/537.36"
::1 - - [25/Feb/2022:13:49:05 +0000] "GET /Javascript/home_posts.js HTTP/1.1" 404 163 "http://localhost:8000/" "Mozilla/5.0 (Macintosh; Intel Mac OS X 10_15_7) AppleWebKit/537.36 (KHTML, like Gecko) Chrome/98.0.4758.109 Safari/537.36"
::1 - - [25/Feb/2022:13:49:05 +0000] "GET /Javascript/toggle_likes.js HTTP/1.1" 404 165 "http://localhost:8000/" "Mozilla/5.0 (Macintosh; Intel Mac OS X 10_15_7) AppleWebKit/537.36 (KHTML, like Gecko) Chrome/98.0.4758.109 Safari/537.36"
::1 - - [25/Feb/2022:13:49:05 +0000] "GET /Javascript/chat_engine.js HTTP/1.1" 404 164 "http://localhost:8000/" "Mozilla/5.0 (Macintosh; Intel Mac OS X 10_15_7) AppleWebKit/537.36 (KHTML, like Gecko) Chrome/98.0.4758.109 Safari/537.36"
::1 - - [25/Feb/2022:13:49:05 +0000] "GET /Javascript/home_posts.js HTTP/1.1" 404 163 "http://localhost:8000/" "Mozilla/5.0 (Macintosh; Intel Mac OS X 10_15_7) AppleWebKit/537.36 (KHTML, like Gecko) Chrome/98.0.4758.109 Safari/537.36"
::1 - - [25/Feb/2022:13:49:05 +0000] "GET /Javascript/toggle_likes.js HTTP/1.1" 404 165 "http://localhost:8000/" "Mozilla/5.0 (Macintosh; Intel Mac OS X 10_15_7) AppleWebKit/537.36 (KHTML, like Gecko) Chrome/98.0.4758.109 Safari/537.36"
::1 - - [25/Feb/2022:13:49:05 +0000] "GET /Javascript/chat_engine.js HTTP/1.1" 404 164 "http://localhost:8000/" "Mozilla/5.0 (Macintosh; Intel Mac OS X 10_15_7) AppleWebKit/537.36 (KHTML, like Gecko) Chrome/98.0.4758.109 Safari/537.36"
::1 - - [25/Feb/2022:13:49:05 +0000] "GET / HTTP/1.1" 304 - "http://localhost:8000/users/sign-in" "Mozilla/5.0 (Macintosh; Intel Mac OS X 10_15_7) AppleWebKit/537.36 (KHTML, like Gecko) Chrome/98.0.4758.109 Safari/537.36"
::1 - - [25/Feb/2022:13:49:05 +0000] "GET /Javascript/home_post_comments.js HTTP/1.1" 404 171 "http://localhost:8000/" "Mozilla/5.0 (Macintosh; Intel Mac OS X 10_15_7) AppleWebKit/537.36 (KHTML, like Gecko) Chrome/98.0.4758.109 Safari/537.36"
::1 - - [25/Feb/2022:13:49:05 +0000] "GET /Javascript/home_posts.js HTTP/1.1" 404 163 "http://localhost:8000/" "Mozilla/5.0 (Macintosh; Intel Mac OS X 10_15_7) AppleWebKit/537.36 (KHTML, like Gecko) Chrome/98.0.4758.109 Safari/537.36"
::1 - - [25/Feb/2022:13:49:05 +0000] "GET /Javascript/toggle_likes.js HTTP/1.1" 404 165 "http://localhost:8000/" "Mozilla/5.0 (Macintosh; Intel Mac OS X 10_15_7) AppleWebKit/537.36 (KHTML, like Gecko) Chrome/98.0.4758.109 Safari/537.36"
::1 - - [25/Feb/2022:13:49:05 +0000] "GET /Javascript/chat_engine.js HTTP/1.1" 404 164 "http://localhost:8000/" "Mozilla/5.0 (Macintosh; Intel Mac OS X 10_15_7) AppleWebKit/537.36 (KHTML, like Gecko) Chrome/98.0.4758.109 Safari/537.36"
::1 - - [25/Feb/2022:13:49:05 +0000] "GET /Javascript/toggle_likes.js HTTP/1.1" 404 165 "http://localhost:8000/" "Mozilla/5.0 (Macintosh; Intel Mac OS X 10_15_7) AppleWebKit/537.36 (KHTML, like Gecko) Chrome/98.0.4758.109 Safari/537.36"
::1 - - [25/Feb/2022:13:49:05 +0000] "GET /Javascript/chat_engine.js HTTP/1.1" 404 164 "http://localhost:8000/" "Mozilla/5.0 (Macintosh; Intel Mac OS X 10_15_7) AppleWebKit/537.36 (KHTML, like Gecko) Chrome/98.0.4758.109 Safari/537.36"
::1 - - [25/Feb/2022:13:49:06 +0000] "GET / HTTP/1.1" 304 - "http://localhost:8000/users/sign-in" "Mozilla/5.0 (Macintosh; Intel Mac OS X 10_15_7) AppleWebKit/537.36 (KHTML, like Gecko) Chrome/98.0.4758.109 Safari/537.36"
::1 - - [25/Feb/2022:13:49:06 +0000] "GET /Javascript/home_post_comments.js HTTP/1.1" 404 171 "http://localhost:8000/" "Mozilla/5.0 (Macintosh; Intel Mac OS X 10_15_7) AppleWebKit/537.36 (KHTML, like Gecko) Chrome/98.0.4758.109 Safari/537.36"
::1 - - [25/Feb/2022:13:49:06 +0000] "GET /Javascript/home_posts.js HTTP/1.1" 404 163 "http://localhost:8000/" "Mozilla/5.0 (Macintosh; Intel Mac OS X 10_15_7) AppleWebKit/537.36 (KHTML, like Gecko) Chrome/98.0.4758.109 Safari/537.36"
::1 - - [25/Feb/2022:13:49:06 +0000] "GET /Javascript/toggle_likes.js HTTP/1.1" 404 165 "http://localhost:8000/" "Mozilla/5.0 (Macintosh; Intel Mac OS X 10_15_7) AppleWebKit/537.36 (KHTML, like Gecko) Chrome/98.0.4758.109 Safari/537.36"
::1 - - [25/Feb/2022:13:49:06 +0000] "GET /Javascript/chat_engine.js HTTP/1.1" 404 164 "http://localhost:8000/" "Mozilla/5.0 (Macintosh; Intel Mac OS X 10_15_7) AppleWebKit/537.36 (KHTML, like Gecko) Chrome/98.0.4758.109 Safari/537.36"
::1 - - [25/Feb/2022:13:49:06 +0000] "GET /Javascript/chat_engine.js HTTP/1.1" 404 164 "http://localhost:8000/" "Mozilla/5.0 (Macintosh; Intel Mac OS X 10_15_7) AppleWebKit/537.36 (KHTML, like Gecko) Chrome/98.0.4758.109 Safari/537.36"
::1 - - [25/Feb/2022:13:49:06 +0000] "GET / HTTP/1.1" 304 - "http://localhost:8000/users/sign-in" "Mozilla/5.0 (Macintosh; Intel Mac OS X 10_15_7) AppleWebKit/537.36 (KHTML, like Gecko) Chrome/98.0.4758.109 Safari/537.36"
::1 - - [25/Feb/2022:13:49:06 +0000] "GET /Javascript/home_posts.js HTTP/1.1" 404 163 "http://localhost:8000/" "Mozilla/5.0 (Macintosh; Intel Mac OS X 10_15_7) AppleWebKit/537.36 (KHTML, like Gecko) Chrome/98.0.4758.109 Safari/537.36"
::1 - - [25/Feb/2022:13:49:06 +0000] "GET /Javascript/home_post_comments.js HTTP/1.1" 404 171 "http://localhost:8000/" "Mozilla/5.0 (Macintosh; Intel Mac OS X 10_15_7) AppleWebKit/537.36 (KHTML, like Gecko) Chrome/98.0.4758.109 Safari/537.36"
::1 - - [25/Feb/2022:13:49:06 +0000] "GET /Javascript/toggle_likes.js HTTP/1.1" 404 165 "http://localhost:8000/" "Mozilla/5.0 (Macintosh; Intel Mac OS X 10_15_7) AppleWebKit/537.36 (KHTML, like Gecko) Chrome/98.0.4758.109 Safari/537.36"
::1 - - [25/Feb/2022:13:49:06 +0000] "GET /Javascript/chat_engine.js HTTP/1.1" 404 164 "http://localhost:8000/" "Mozilla/5.0 (Macintosh; Intel Mac OS X 10_15_7) AppleWebKit/537.36 (KHTML, like Gecko) Chrome/98.0.4758.109 Safari/537.36"
::1 - - [25/Feb/2022:13:49:06 +0000] "GET /Javascript/toggle_likes.js HTTP/1.1" 404 165 "http://localhost:8000/" "Mozilla/5.0 (Macintosh; Intel Mac OS X 10_15_7) AppleWebKit/537.36 (KHTML, like Gecko) Chrome/98.0.4758.109 Safari/537.36"
::1 - - [25/Feb/2022:13:49:06 +0000] "GET /Javascript/chat_engine.js HTTP/1.1" 404 164 "http://localhost:8000/" "Mozilla/5.0 (Macintosh; Intel Mac OS X 10_15_7) AppleWebKit/537.36 (KHTML, like Gecko) Chrome/98.0.4758.109 Safari/537.36"
::1 - - [25/Feb/2022:13:49:06 +0000] "GET / HTTP/1.1" 304 - "http://localhost:8000/users/sign-in" "Mozilla/5.0 (Macintosh; Intel Mac OS X 10_15_7) AppleWebKit/537.36 (KHTML, like Gecko) Chrome/98.0.4758.109 Safari/537.36"
::1 - - [25/Feb/2022:13:49:06 +0000] "GET /Javascript/home_post_comments.js HTTP/1.1" 404 171 "http://localhost:8000/" "Mozilla/5.0 (Macintosh; Intel Mac OS X 10_15_7) AppleWebKit/537.36 (KHTML, like Gecko) Chrome/98.0.4758.109 Safari/537.36"
::1 - - [25/Feb/2022:13:49:06 +0000] "GET /Javascript/toggle_likes.js HTTP/1.1" 404 165 "http://localhost:8000/" "Mozilla/5.0 (Macintosh; Intel Mac OS X 10_15_7) AppleWebKit/537.36 (KHTML, like Gecko) Chrome/98.0.4758.109 Safari/537.36"
::1 - - [25/Feb/2022:13:49:06 +0000] "GET /Javascript/home_posts.js HTTP/1.1" 404 163 "http://localhost:8000/" "Mozilla/5.0 (Macintosh; Intel Mac OS X 10_15_7) AppleWebKit/537.36 (KHTML, like Gecko) Chrome/98.0.4758.109 Safari/537.36"
::1 - - [25/Feb/2022:13:49:06 +0000] "GET /Javascript/chat_engine.js HTTP/1.1" 404 164 "http://localhost:8000/" "Mozilla/5.0 (Macintosh; Intel Mac OS X 10_15_7) AppleWebKit/537.36 (KHTML, like Gecko) Chrome/98.0.4758.109 Safari/537.36"
::1 - - [25/Feb/2022:13:49:06 +0000] "GET /Javascript/toggle_likes.js HTTP/1.1" 404 165 "http://localhost:8000/" "Mozilla/5.0 (Macintosh; Intel Mac OS X 10_15_7) AppleWebKit/537.36 (KHTML, like Gecko) Chrome/98.0.4758.109 Safari/537.36"
::1 - - [25/Feb/2022:13:49:06 +0000] "GET /Javascript/chat_engine.js HTTP/1.1" 404 164 "http://localhost:8000/" "Mozilla/5.0 (Macintosh; Intel Mac OS X 10_15_7) AppleWebKit/537.36 (KHTML, like Gecko) Chrome/98.0.4758.109 Safari/537.36"
::1 - - [25/Feb/2022:13:49:06 +0000] "GET / HTTP/1.1" 304 - "http://localhost:8000/users/sign-in" "Mozilla/5.0 (Macintosh; Intel Mac OS X 10_15_7) AppleWebKit/537.36 (KHTML, like Gecko) Chrome/98.0.4758.109 Safari/537.36"
::1 - - [25/Feb/2022:13:49:06 +0000] "GET /Javascript/home_post_comments.js HTTP/1.1" 404 171 "http://localhost:8000/" "Mozilla/5.0 (Macintosh; Intel Mac OS X 10_15_7) AppleWebKit/537.36 (KHTML, like Gecko) Chrome/98.0.4758.109 Safari/537.36"
::1 - - [25/Feb/2022:13:49:06 +0000] "GET /Javascript/toggle_likes.js HTTP/1.1" 404 165 "http://localhost:8000/" "Mozilla/5.0 (Macintosh; Intel Mac OS X 10_15_7) AppleWebKit/537.36 (KHTML, like Gecko) Chrome/98.0.4758.109 Safari/537.36"
::1 - - [25/Feb/2022:13:49:06 +0000] "GET /Javascript/home_posts.js HTTP/1.1" 404 163 "http://localhost:8000/" "Mozilla/5.0 (Macintosh; Intel Mac OS X 10_15_7) AppleWebKit/537.36 (KHTML, like Gecko) Chrome/98.0.4758.109 Safari/537.36"
::1 - - [25/Feb/2022:13:49:06 +0000] "GET /Javascript/chat_engine.js HTTP/1.1" 404 164 "http://localhost:8000/" "Mozilla/5.0 (Macintosh; Intel Mac OS X 10_15_7) AppleWebKit/537.36 (KHTML, like Gecko) Chrome/98.0.4758.109 Safari/537.36"
::1 - - [25/Feb/2022:13:49:06 +0000] "GET /Javascript/toggle_likes.js HTTP/1.1" 404 165 "http://localhost:8000/" "Mozilla/5.0 (Macintosh; Intel Mac OS X 10_15_7) AppleWebKit/537.36 (KHTML, like Gecko) Chrome/98.0.4758.109 Safari/537.36"
::1 - - [25/Feb/2022:13:49:06 +0000] "GET /Javascript/chat_engine.js HTTP/1.1" 404 164 "http://localhost:8000/" "Mozilla/5.0 (Macintosh; Intel Mac OS X 10_15_7) AppleWebKit/537.36 (KHTML, like Gecko) Chrome/98.0.4758.109 Safari/537.36"
::1 - - [25/Feb/2022:13:49:07 +0000] "GET / HTTP/1.1" 304 - "http://localhost:8000/users/sign-in" "Mozilla/5.0 (Macintosh; Intel Mac OS X 10_15_7) AppleWebKit/537.36 (KHTML, like Gecko) Chrome/98.0.4758.109 Safari/537.36"
::1 - - [25/Feb/2022:13:49:07 +0000] "GET /Javascript/home_post_comments.js HTTP/1.1" 404 171 "http://localhost:8000/" "Mozilla/5.0 (Macintosh; Intel Mac OS X 10_15_7) AppleWebKit/537.36 (KHTML, like Gecko) Chrome/98.0.4758.109 Safari/537.36"
::1 - - [25/Feb/2022:13:49:07 +0000] "GET /Javascript/home_posts.js HTTP/1.1" 404 163 "http://localhost:8000/" "Mozilla/5.0 (Macintosh; Intel Mac OS X 10_15_7) AppleWebKit/537.36 (KHTML, like Gecko) Chrome/98.0.4758.109 Safari/537.36"
::1 - - [25/Feb/2022:13:49:07 +0000] "GET /Javascript/toggle_likes.js HTTP/1.1" 404 165 "http://localhost:8000/" "Mozilla/5.0 (Macintosh; Intel Mac OS X 10_15_7) AppleWebKit/537.36 (KHTML, like Gecko) Chrome/98.0.4758.109 Safari/537.36"
::1 - - [25/Feb/2022:13:49:07 +0000] "GET /Javascript/chat_engine.js HTTP/1.1" 404 164 "http://localhost:8000/" "Mozilla/5.0 (Macintosh; Intel Mac OS X 10_15_7) AppleWebKit/537.36 (KHTML, like Gecko) Chrome/98.0.4758.109 Safari/537.36"
::1 - - [25/Feb/2022:13:49:07 +0000] "GET /Javascript/toggle_likes.js HTTP/1.1" 404 165 "http://localhost:8000/" "Mozilla/5.0 (Macintosh; Intel Mac OS X 10_15_7) AppleWebKit/537.36 (KHTML, like Gecko) Chrome/98.0.4758.109 Safari/537.36"
::1 - - [25/Feb/2022:13:49:07 +0000] "GET /Javascript/chat_engine.js HTTP/1.1" 404 164 "http://localhost:8000/" "Mozilla/5.0 (Macintosh; Intel Mac OS X 10_15_7) AppleWebKit/537.36 (KHTML, like Gecko) Chrome/98.0.4758.109 Safari/537.36"
::1 - - [25/Feb/2022:13:49:07 +0000] "GET / HTTP/1.1" 304 - "http://localhost:8000/users/sign-in" "Mozilla/5.0 (Macintosh; Intel Mac OS X 10_15_7) AppleWebKit/537.36 (KHTML, like Gecko) Chrome/98.0.4758.109 Safari/537.36"
::1 - - [25/Feb/2022:13:49:07 +0000] "GET /Javascript/home_post_comments.js HTTP/1.1" 404 171 "http://localhost:8000/" "Mozilla/5.0 (Macintosh; Intel Mac OS X 10_15_7) AppleWebKit/537.36 (KHTML, like Gecko) Chrome/98.0.4758.109 Safari/537.36"
::1 - - [25/Feb/2022:13:49:07 +0000] "GET /Javascript/home_posts.js HTTP/1.1" 404 163 "http://localhost:8000/" "Mozilla/5.0 (Macintosh; Intel Mac OS X 10_15_7) AppleWebKit/537.36 (KHTML, like Gecko) Chrome/98.0.4758.109 Safari/537.36"
::1 - - [25/Feb/2022:13:49:07 +0000] "GET /Javascript/toggle_likes.js HTTP/1.1" 404 165 "http://localhost:8000/" "Mozilla/5.0 (Macintosh; Intel Mac OS X 10_15_7) AppleWebKit/537.36 (KHTML, like Gecko) Chrome/98.0.4758.109 Safari/537.36"
::1 - - [25/Feb/2022:13:49:07 +0000] "GET /Javascript/chat_engine.js HTTP/1.1" 404 164 "http://localhost:8000/" "Mozilla/5.0 (Macintosh; Intel Mac OS X 10_15_7) AppleWebKit/537.36 (KHTML, like Gecko) Chrome/98.0.4758.109 Safari/537.36"
::1 - - [25/Feb/2022:13:49:07 +0000] "GET /Javascript/toggle_likes.js HTTP/1.1" 404 165 "http://localhost:8000/" "Mozilla/5.0 (Macintosh; Intel Mac OS X 10_15_7) AppleWebKit/537.36 (KHTML, like Gecko) Chrome/98.0.4758.109 Safari/537.36"
::1 - - [25/Feb/2022:13:49:07 +0000] "GET /Javascript/chat_engine.js HTTP/1.1" 404 164 "http://localhost:8000/" "Mozilla/5.0 (Macintosh; Intel Mac OS X 10_15_7) AppleWebKit/537.36 (KHTML, like Gecko) Chrome/98.0.4758.109 Safari/537.36"
::1 - - [25/Feb/2022:13:49:07 +0000] "GET / HTTP/1.1" 304 - "http://localhost:8000/users/sign-in" "Mozilla/5.0 (Macintosh; Intel Mac OS X 10_15_7) AppleWebKit/537.36 (KHTML, like Gecko) Chrome/98.0.4758.109 Safari/537.36"
::1 - - [25/Feb/2022:13:49:07 +0000] "GET /Javascript/home_post_comments.js HTTP/1.1" 404 171 "http://localhost:8000/" "Mozilla/5.0 (Macintosh; Intel Mac OS X 10_15_7) AppleWebKit/537.36 (KHTML, like Gecko) Chrome/98.0.4758.109 Safari/537.36"
::1 - - [25/Feb/2022:13:49:07 +0000] "GET /Javascript/chat_engine.js HTTP/1.1" 404 164 "http://localhost:8000/" "Mozilla/5.0 (Macintosh; Intel Mac OS X 10_15_7) AppleWebKit/537.36 (KHTML, like Gecko) Chrome/98.0.4758.109 Safari/537.36"
::1 - - [25/Feb/2022:13:49:07 +0000] "GET /Javascript/home_posts.js HTTP/1.1" 404 163 "http://localhost:8000/" "Mozilla/5.0 (Macintosh; Intel Mac OS X 10_15_7) AppleWebKit/537.36 (KHTML, like Gecko) Chrome/98.0.4758.109 Safari/537.36"
::1 - - [25/Feb/2022:13:49:07 +0000] "GET /Javascript/toggle_likes.js HTTP/1.1" 404 165 "http://localhost:8000/" "Mozilla/5.0 (Macintosh; Intel Mac OS X 10_15_7) AppleWebKit/537.36 (KHTML, like Gecko) Chrome/98.0.4758.109 Safari/537.36"
::1 - - [25/Feb/2022:13:49:07 +0000] "GET /Javascript/chat_engine.js HTTP/1.1" 404 164 "http://localhost:8000/" "Mozilla/5.0 (Macintosh; Intel Mac OS X 10_15_7) AppleWebKit/537.36 (KHTML, like Gecko) Chrome/98.0.4758.109 Safari/537.36"
::1 - - [25/Feb/2022:13:49:08 +0000] "GET / HTTP/1.1" 304 - "http://localhost:8000/users/sign-in" "Mozilla/5.0 (Macintosh; Intel Mac OS X 10_15_7) AppleWebKit/537.36 (KHTML, like Gecko) Chrome/98.0.4758.109 Safari/537.36"
::1 - - [25/Feb/2022:13:49:08 +0000] "GET /Javascript/home_post_comments.js HTTP/1.1" 404 171 "http://localhost:8000/" "Mozilla/5.0 (Macintosh; Intel Mac OS X 10_15_7) AppleWebKit/537.36 (KHTML, like Gecko) Chrome/98.0.4758.109 Safari/537.36"
::1 - - [25/Feb/2022:13:49:08 +0000] "GET /Javascript/home_posts.js HTTP/1.1" 404 163 "http://localhost:8000/" "Mozilla/5.0 (Macintosh; Intel Mac OS X 10_15_7) AppleWebKit/537.36 (KHTML, like Gecko) Chrome/98.0.4758.109 Safari/537.36"
::1 - - [25/Feb/2022:13:49:08 +0000] "GET /Javascript/toggle_likes.js HTTP/1.1" 404 165 "http://localhost:8000/" "Mozilla/5.0 (Macintosh; Intel Mac OS X 10_15_7) AppleWebKit/537.36 (KHTML, like Gecko) Chrome/98.0.4758.109 Safari/537.36"
::1 - - [25/Feb/2022:13:49:08 +0000] "GET /Javascript/chat_engine.js HTTP/1.1" 404 164 "http://localhost:8000/" "Mozilla/5.0 (Macintosh; Intel Mac OS X 10_15_7) AppleWebKit/537.36 (KHTML, like Gecko) Chrome/98.0.4758.109 Safari/537.36"
::1 - - [25/Feb/2022:13:49:08 +0000] "GET /Javascript/toggle_likes.js HTTP/1.1" 404 165 "http://localhost:8000/" "Mozilla/5.0 (Macintosh; Intel Mac OS X 10_15_7) AppleWebKit/537.36 (KHTML, like Gecko) Chrome/98.0.4758.109 Safari/537.36"
::1 - - [25/Feb/2022:13:49:08 +0000] "GET /Javascript/chat_engine.js HTTP/1.1" 404 164 "http://localhost:8000/" "Mozilla/5.0 (Macintosh; Intel Mac OS X 10_15_7) AppleWebKit/537.36 (KHTML, like Gecko) Chrome/98.0.4758.109 Safari/537.36"
::1 - - [25/Feb/2022:13:49:14 +0000] "GET / HTTP/1.1" 304 - "http://localhost:8000/users/sign-in" "Mozilla/5.0 (Macintosh; Intel Mac OS X 10_15_7) AppleWebKit/537.36 (KHTML, like Gecko) Chrome/98.0.4758.109 Safari/537.36"
::1 - - [25/Feb/2022:13:49:14 +0000] "GET /Javascript/home_post_comments.js HTTP/1.1" 404 171 "http://localhost:8000/" "Mozilla/5.0 (Macintosh; Intel Mac OS X 10_15_7) AppleWebKit/537.36 (KHTML, like Gecko) Chrome/98.0.4758.109 Safari/537.36"
::1 - - [25/Feb/2022:13:49:14 +0000] "GET /Javascript/home_posts.js HTTP/1.1" 404 163 "http://localhost:8000/" "Mozilla/5.0 (Macintosh; Intel Mac OS X 10_15_7) AppleWebKit/537.36 (KHTML, like Gecko) Chrome/98.0.4758.109 Safari/537.36"
::1 - - [25/Feb/2022:13:49:14 +0000] "GET /Javascript/chat_engine.js HTTP/1.1" 404 164 "http://localhost:8000/" "Mozilla/5.0 (Macintosh; Intel Mac OS X 10_15_7) AppleWebKit/537.36 (KHTML, like Gecko) Chrome/98.0.4758.109 Safari/537.36"
::1 - - [25/Feb/2022:13:49:14 +0000] "GET /Javascript/toggle_likes.js HTTP/1.1" 404 165 "http://localhost:8000/" "Mozilla/5.0 (Macintosh; Intel Mac OS X 10_15_7) AppleWebKit/537.36 (KHTML, like Gecko) Chrome/98.0.4758.109 Safari/537.36"
::1 - - [25/Feb/2022:13:49:14 +0000] "GET /Javascript/home_posts.js HTTP/1.1" 404 163 "http://localhost:8000/" "Mozilla/5.0 (Macintosh; Intel Mac OS X 10_15_7) AppleWebKit/537.36 (KHTML, like Gecko) Chrome/98.0.4758.109 Safari/537.36"
::1 - - [25/Feb/2022:13:49:14 +0000] "GET /Javascript/toggle_likes.js HTTP/1.1" 404 165 "http://localhost:8000/" "Mozilla/5.0 (Macintosh; Intel Mac OS X 10_15_7) AppleWebKit/537.36 (KHTML, like Gecko) Chrome/98.0.4758.109 Safari/537.36"
::1 - - [25/Feb/2022:13:49:14 +0000] "GET /Javascript/chat_engine.js HTTP/1.1" 404 164 "http://localhost:8000/" "Mozilla/5.0 (Macintosh; Intel Mac OS X 10_15_7) AppleWebKit/537.36 (KHTML, like Gecko) Chrome/98.0.4758.109 Safari/537.36"
::1 - - [25/Feb/2022:13:49:15 +0000] "GET / HTTP/1.1" 304 - "http://localhost:8000/users/sign-in" "Mozilla/5.0 (Macintosh; Intel Mac OS X 10_15_7) AppleWebKit/537.36 (KHTML, like Gecko) Chrome/98.0.4758.109 Safari/537.36"
::1 - - [25/Feb/2022:13:49:15 +0000] "GET /Javascript/home_post_comments.js HTTP/1.1" 404 171 "http://localhost:8000/" "Mozilla/5.0 (Macintosh; Intel Mac OS X 10_15_7) AppleWebKit/537.36 (KHTML, like Gecko) Chrome/98.0.4758.109 Safari/537.36"
::1 - - [25/Feb/2022:13:49:15 +0000] "GET /Javascript/home_posts.js HTTP/1.1" 404 163 "http://localhost:8000/" "Mozilla/5.0 (Macintosh; Intel Mac OS X 10_15_7) AppleWebKit/537.36 (KHTML, like Gecko) Chrome/98.0.4758.109 Safari/537.36"
::1 - - [25/Feb/2022:13:49:15 +0000] "GET /Javascript/toggle_likes.js HTTP/1.1" 404 165 "http://localhost:8000/" "Mozilla/5.0 (Macintosh; Intel Mac OS X 10_15_7) AppleWebKit/537.36 (KHTML, like Gecko) Chrome/98.0.4758.109 Safari/537.36"
::1 - - [25/Feb/2022:13:49:15 +0000] "GET /Javascript/chat_engine.js HTTP/1.1" 404 164 "http://localhost:8000/" "Mozilla/5.0 (Macintosh; Intel Mac OS X 10_15_7) AppleWebKit/537.36 (KHTML, like Gecko) Chrome/98.0.4758.109 Safari/537.36"
::1 - - [25/Feb/2022:13:49:15 +0000] "GET /Javascript/chat_engine.js HTTP/1.1" 404 164 "http://localhost:8000/" "Mozilla/5.0 (Macintosh; Intel Mac OS X 10_15_7) AppleWebKit/537.36 (KHTML, like Gecko) Chrome/98.0.4758.109 Safari/537.36"
::1 - - [25/Feb/2022:13:49:15 +0000] "GET / HTTP/1.1" 304 - "http://localhost:8000/users/sign-in" "Mozilla/5.0 (Macintosh; Intel Mac OS X 10_15_7) AppleWebKit/537.36 (KHTML, like Gecko) Chrome/98.0.4758.109 Safari/537.36"
::1 - - [25/Feb/2022:13:49:15 +0000] "GET /Javascript/home_post_comments.js HTTP/1.1" 404 171 "http://localhost:8000/" "Mozilla/5.0 (Macintosh; Intel Mac OS X 10_15_7) AppleWebKit/537.36 (KHTML, like Gecko) Chrome/98.0.4758.109 Safari/537.36"
::1 - - [25/Feb/2022:13:49:15 +0000] "GET /Javascript/toggle_likes.js HTTP/1.1" 404 165 "http://localhost:8000/" "Mozilla/5.0 (Macintosh; Intel Mac OS X 10_15_7) AppleWebKit/537.36 (KHTML, like Gecko) Chrome/98.0.4758.109 Safari/537.36"
::1 - - [25/Feb/2022:13:49:15 +0000] "GET /Javascript/home_posts.js HTTP/1.1" 404 163 "http://localhost:8000/" "Mozilla/5.0 (Macintosh; Intel Mac OS X 10_15_7) AppleWebKit/537.36 (KHTML, like Gecko) Chrome/98.0.4758.109 Safari/537.36"
::1 - - [25/Feb/2022:13:49:15 +0000] "GET /Javascript/chat_engine.js HTTP/1.1" 404 164 "http://localhost:8000/" "Mozilla/5.0 (Macintosh; Intel Mac OS X 10_15_7) AppleWebKit/537.36 (KHTML, like Gecko) Chrome/98.0.4758.109 Safari/537.36"
::1 - - [25/Feb/2022:13:49:15 +0000] "GET /Javascript/home_posts.js HTTP/1.1" 404 163 "http://localhost:8000/" "Mozilla/5.0 (Macintosh; Intel Mac OS X 10_15_7) AppleWebKit/537.36 (KHTML, like Gecko) Chrome/98.0.4758.109 Safari/537.36"
::1 - - [25/Feb/2022:13:49:15 +0000] "GET /Javascript/toggle_likes.js HTTP/1.1" 404 165 "http://localhost:8000/" "Mozilla/5.0 (Macintosh; Intel Mac OS X 10_15_7) AppleWebKit/537.36 (KHTML, like Gecko) Chrome/98.0.4758.109 Safari/537.36"
::1 - - [25/Feb/2022:13:49:15 +0000] "GET /Javascript/chat_engine.js HTTP/1.1" 404 164 "http://localhost:8000/" "Mozilla/5.0 (Macintosh; Intel Mac OS X 10_15_7) AppleWebKit/537.36 (KHTML, like Gecko) Chrome/98.0.4758.109 Safari/537.36"
::1 - - [25/Feb/2022:13:49:16 +0000] "GET / HTTP/1.1" 304 - "http://localhost:8000/users/sign-in" "Mozilla/5.0 (Macintosh; Intel Mac OS X 10_15_7) AppleWebKit/537.36 (KHTML, like Gecko) Chrome/98.0.4758.109 Safari/537.36"
::1 - - [25/Feb/2022:13:49:16 +0000] "GET /Javascript/home_post_comments.js HTTP/1.1" 404 171 "http://localhost:8000/" "Mozilla/5.0 (Macintosh; Intel Mac OS X 10_15_7) AppleWebKit/537.36 (KHTML, like Gecko) Chrome/98.0.4758.109 Safari/537.36"
::1 - - [25/Feb/2022:13:49:16 +0000] "GET /Javascript/home_posts.js HTTP/1.1" 404 163 "http://localhost:8000/" "Mozilla/5.0 (Macintosh; Intel Mac OS X 10_15_7) AppleWebKit/537.36 (KHTML, like Gecko) Chrome/98.0.4758.109 Safari/537.36"
::1 - - [25/Feb/2022:13:49:16 +0000] "GET /Javascript/chat_engine.js HTTP/1.1" 404 164 "http://localhost:8000/" "Mozilla/5.0 (Macintosh; Intel Mac OS X 10_15_7) AppleWebKit/537.36 (KHTML, like Gecko) Chrome/98.0.4758.109 Safari/537.36"
::1 - - [25/Feb/2022:13:49:16 +0000] "GET /Javascript/toggle_likes.js HTTP/1.1" 404 165 "http://localhost:8000/" "Mozilla/5.0 (Macintosh; Intel Mac OS X 10_15_7) AppleWebKit/537.36 (KHTML, like Gecko) Chrome/98.0.4758.109 Safari/537.36"
::1 - - [25/Feb/2022:13:49:16 +0000] "GET /Javascript/home_posts.js HTTP/1.1" 404 163 "http://localhost:8000/" "Mozilla/5.0 (Macintosh; Intel Mac OS X 10_15_7) AppleWebKit/537.36 (KHTML, like Gecko) Chrome/98.0.4758.109 Safari/537.36"
::1 - - [25/Feb/2022:13:49:16 +0000] "GET /Javascript/toggle_likes.js HTTP/1.1" 404 165 "http://localhost:8000/" "Mozilla/5.0 (Macintosh; Intel Mac OS X 10_15_7) AppleWebKit/537.36 (KHTML, like Gecko) Chrome/98.0.4758.109 Safari/537.36"
::1 - - [25/Feb/2022:13:49:16 +0000] "GET /Javascript/chat_engine.js HTTP/1.1" 404 164 "http://localhost:8000/" "Mozilla/5.0 (Macintosh; Intel Mac OS X 10_15_7) AppleWebKit/537.36 (KHTML, like Gecko) Chrome/98.0.4758.109 Safari/537.36"
[0mGET / [32m200[0m 82.266 ms - 2901[0m
[0mGET /users/sign-in [32m200[0m 25.670 ms - 2865[0m
[0mGET /users/auth/google [36m302[0m 11.638 ms - 0[0m
[0mGET /users/sign-up [32m200[0m 12.258 ms - 3341[0m
[0mPOST /users/create [36m302[0m 51.622 ms - 72[0m
[0mGET /users/sign-in [36m304[0m 6.898 ms - -[0m
[0mPOST /users/create-session [36m302[0m 11.351 ms - 46[0m
[0mGET / [32m200[0m 15.023 ms - 3946[0m
[0mGET /users/sign-out [36m302[0m 9.096 ms - 46[0m
[0mGET / [32m200[0m 10.863 ms - 3165[0m
[0mGET /users/sign-in [36m304[0m 3.980 ms - -[0m
[0mGET /users/sign-up [36m304[0m 3.670 ms - -[0m
[0mGET /users/auth/google [36m302[0m 5.004 ms - 0[0m
[0mGET /users/auth/google/callback?code=4%2F0AX4XfWhLeS7uArdt1JaEBR-XWxDOV6hoc1ZnG_oIBRzwnabxI5DnqhboBbcHSvRBPFMFSA&scope=email+profile+https%3A%2F%2Fwww.googleapis.com%2Fauth%2Fuserinfo.profile+https%3A%2F%2Fwww.googleapis.com%2Fauth%2Fuserinfo.email+openid&authuser=0&prompt=consent [36m302[0m 726.798 ms - 46[0m
[0mGET / [32m200[0m 17.711 ms - 3946[0m
::1 - - [26/Feb/2022:17:50:55 +0000] "GET / HTTP/1.1" 200 2929 "-" "Mozilla/5.0 (Macintosh; Intel Mac OS X 10_15_7) AppleWebKit/537.36 (KHTML, like Gecko) Chrome/98.0.4758.109 Safari/537.36"
::1 - - [26/Feb/2022:17:50:55 +0000] "GET /Javascript/home_post_comments.js HTTP/1.1" 404 171 "http://localhost:8000/" "Mozilla/5.0 (Macintosh; Intel Mac OS X 10_15_7) AppleWebKit/537.36 (KHTML, like Gecko) Chrome/98.0.4758.109 Safari/537.36"
::1 - - [26/Feb/2022:17:50:55 +0000] "GET /Javascript/home_posts.js HTTP/1.1" 404 163 "http://localhost:8000/" "Mozilla/5.0 (Macintosh; Intel Mac OS X 10_15_7) AppleWebKit/537.36 (KHTML, like Gecko) Chrome/98.0.4758.109 Safari/537.36"
::1 - - [26/Feb/2022:17:50:55 +0000] "GET /Javascript/chat_engine.js HTTP/1.1" 404 164 "http://localhost:8000/" "Mozilla/5.0 (Macintosh; Intel Mac OS X 10_15_7) AppleWebKit/537.36 (KHTML, like Gecko) Chrome/98.0.4758.109 Safari/537.36"
::1 - - [26/Feb/2022:17:50:55 +0000] "GET /Javascript/toggle_likes.js HTTP/1.1" 404 165 "http://localhost:8000/" "Mozilla/5.0 (Macintosh; Intel Mac OS X 10_15_7) AppleWebKit/537.36 (KHTML, like Gecko) Chrome/98.0.4758.109 Safari/537.36"
::1 - - [26/Feb/2022:17:50:55 +0000] "GET /Javascript/home_post_comments.js HTTP/1.1" 404 171 "http://localhost:8000/" "Mozilla/5.0 (Macintosh; Intel Mac OS X 10_15_7) AppleWebKit/537.36 (KHTML, like Gecko) Chrome/98.0.4758.109 Safari/537.36"
::1 - - [26/Feb/2022:17:50:55 +0000] "GET /Javascript/home_posts.js HTTP/1.1" 404 163 "http://localhost:8000/" "Mozilla/5.0 (Macintosh; Intel Mac OS X 10_15_7) AppleWebKit/537.36 (KHTML, like Gecko) Chrome/98.0.4758.109 Safari/537.36"
::1 - - [26/Feb/2022:17:50:55 +0000] "GET /Javascript/toggle_likes.js HTTP/1.1" 404 165 "http://localhost:8000/" "Mozilla/5.0 (Macintosh; Intel Mac OS X 10_15_7) AppleWebKit/537.36 (KHTML, like Gecko) Chrome/98.0.4758.109 Safari/537.36"
::1 - - [26/Feb/2022:17:50:55 +0000] "GET /Javascript/chat_engine.js HTTP/1.1" 404 164 "http://localhost:8000/" "Mozilla/5.0 (Macintosh; Intel Mac OS X 10_15_7) AppleWebKit/537.36 (KHTML, like Gecko) Chrome/98.0.4758.109 Safari/537.36"
::1 - - [26/Feb/2022:17:50:56 +0000] "GET / HTTP/1.1" 304 - "-" "Mozilla/5.0 (Macintosh; Intel Mac OS X 10_15_7) AppleWebKit/537.36 (KHTML, like Gecko) Chrome/98.0.4758.109 Safari/537.36"
::1 - - [26/Feb/2022:17:50:56 +0000] "GET /Javascript/home_post_comments.js HTTP/1.1" 404 171 "http://localhost:8000/" "Mozilla/5.0 (Macintosh; Intel Mac OS X 10_15_7) AppleWebKit/537.36 (KHTML, like Gecko) Chrome/98.0.4758.109 Safari/537.36"
::1 - - [26/Feb/2022:17:50:56 +0000] "GET /Javascript/home_posts.js HTTP/1.1" 404 163 "http://localhost:8000/" "Mozilla/5.0 (Macintosh; Intel Mac OS X 10_15_7) AppleWebKit/537.36 (KHTML, like Gecko) Chrome/98.0.4758.109 Safari/537.36"
::1 - - [26/Feb/2022:17:50:56 +0000] "GET /Javascript/chat_engine.js HTTP/1.1" 404 164 "http://localhost:8000/" "Mozilla/5.0 (Macintosh; Intel Mac OS X 10_15_7) AppleWebKit/537.36 (KHTML, like Gecko) Chrome/98.0.4758.109 Safari/537.36"
::1 - - [26/Feb/2022:17:50:56 +0000] "GET /Javascript/toggle_likes.js HTTP/1.1" 404 165 "http://localhost:8000/" "Mozilla/5.0 (Macintosh; Intel Mac OS X 10_15_7) AppleWebKit/537.36 (KHTML, like Gecko) Chrome/98.0.4758.109 Safari/537.36"
::1 - - [26/Feb/2022:17:50:56 +0000] "GET /Javascript/home_posts.js HTTP/1.1" 404 163 "http://localhost:8000/" "Mozilla/5.0 (Macintosh; Intel Mac OS X 10_15_7) AppleWebKit/537.36 (KHTML, like Gecko) Chrome/98.0.4758.109 Safari/537.36"
::1 - - [26/Feb/2022:17:50:56 +0000] "GET /Javascript/toggle_likes.js HTTP/1.1" 404 165 "http://localhost:8000/" "Mozilla/5.0 (Macintosh; Intel Mac OS X 10_15_7) AppleWebKit/537.36 (KHTML, like Gecko) Chrome/98.0.4758.109 Safari/537.36"
::1 - - [26/Feb/2022:17:50:56 +0000] "GET /Javascript/chat_engine.js HTTP/1.1" 404 164 "http://localhost:8000/" "Mozilla/5.0 (Macintosh; Intel Mac OS X 10_15_7) AppleWebKit/537.36 (KHTML, like Gecko) Chrome/98.0.4758.109 Safari/537.36"
