[0mGET / [36m304[0m 21.823 ms - -[0m
[0mGET / [36m304[0m 11.507 ms - -[0m
[0mGET / [36m304[0m 23.791 ms - -[0m
[0mGET / [36m304[0m 17.970 ms - -[0m
[0mGET / [36m304[0m 17.546 ms - -[0m
[0mGET / [36m304[0m 18.240 ms - -[0m
[0mGET / [36m304[0m 19.164 ms - -[0m
[0mGET / [36m304[0m 20.045 ms - -[0m
[0mGET / [36m304[0m 14.934 ms - -[0m
[0mGET / [36m304[0m 13.139 ms - -[0m
[0mGET /users/sign-in [36m304[0m 3.559 ms - -[0m
[0mGET /users/sign-in [36m304[0m 4.096 ms - -[0m
[0mPOST /users/create-session [36m302[0m 5.713 ms - 46[0m
[0mGET / [36m304[0m 18.946 ms - -[0m
[0mGET / [32m200[0m 31.660 ms - 8628[0m
[0mGET / [32m200[0m 30.595 ms - 8468[0m
[0mGET / [36m304[0m 28.168 ms - -[0m
[0mGET / [32m200[0m 35.307 ms - 8468[0m
[0mGET / [32m200[0m 27.237 ms - 5584[0m
[0mGET / [32m200[0m 18.057 ms - 5584[0m
[0mGET /js/script.js [33m404[0m 7.617 ms - 151[0m
[0mGET /apple-touch-icon-precomposed.png [33m404[0m 0.801 ms - 171[0m
[0mGET /apple-touch-icon.png [33m404[0m 2.044 ms - 159[0m
[0mGET /users/sign-in [32m200[0m 4.153 ms - 3150[0m
[0mGET / [36m304[0m 20.033 ms - -[0m
[0mGET /users/sign-in [36m304[0m 4.287 ms - -[0m
[0mGET /users/sign-up [32m200[0m 4.093 ms - 3559[0m
[0mGET /users/sign-in [36m304[0m 5.140 ms - -[0m
[0mGET / [36m304[0m 25.298 ms - -[0m
[0mGET / [36m304[0m 13.556 ms - -[0m
[0mGET / [36m304[0m 29.307 ms - -[0m
[0mGET / [36m304[0m 28.080 ms - -[0m
[0mGET / [36m304[0m 26.589 ms - -[0m
[0mGET / [36m304[0m 28.216 ms - -[0m
[0mGET / [36m304[0m 29.399 ms - -[0m
[0mGET / [36m304[0m 28.049 ms - -[0m
[0mGET / [36m304[0m 66.604 ms - -[0m
[0mGET / [36m304[0m 26.222 ms - -[0m
[0mGET / [36m304[0m 28.573 ms - -[0m
[0mGET / [36m304[0m 28.241 ms - -[0m
[0mGET / [36m304[0m 27.898 ms - -[0m
[0mGET / [36m304[0m 24.892 ms - -[0m
[0mGET / [36m304[0m 26.883 ms - -[0m
[0mGET / [36m304[0m 28.052 ms - -[0m
[0mGET / [36m304[0m 26.235 ms - -[0m
[0mGET / [36m304[0m 31.766 ms - -[0m
[0mGET / [36m304[0m 26.984 ms - -[0m
[0mGET / [36m304[0m 33.615 ms - -[0m
[0mGET / [36m304[0m 26.374 ms - -[0m
[0mGET / [36m304[0m 28.360 ms - -[0m
[0mGET / [36m304[0m 27.554 ms - -[0m
[0mGET / [36m304[0m 26.786 ms - -[0m
[0mGET / [36m304[0m 30.930 ms - -[0m
[0mGET / [36m304[0m 26.906 ms - -[0m
[0mGET / [36m304[0m 23.759 ms - -[0m
[0mGET / [36m304[0m 24.837 ms - -[0m
[0mGET / [36m304[0m 30.750 ms - -[0m
[0mGET / [36m304[0m 28.361 ms - -[0m
[0mGET / [36m304[0m 33.955 ms - -[0m
[0mGET / [36m304[0m 28.581 ms - -[0m
[0mGET / [36m304[0m 26.285 ms - -[0m
[0mGET / [36m304[0m 23.709 ms - -[0m
[0mGET / [36m304[0m 33.504 ms - -[0m
[0mGET / [36m304[0m 26.855 ms - -[0m
[0mGET / [36m304[0m 24.512 ms - -[0m
[0mGET / [36m304[0m 26.522 ms - -[0m
[0mGET / [36m304[0m 40.318 ms - -[0m
[0mGET / [36m304[0m 30.633 ms - -[0m
[0mGET / [36m304[0m 28.032 ms - -[0m
[0mGET / [32m200[0m 22.043 ms - 5584[0m
[0mGET / [36m304[0m 31.015 ms - -[0m
[0mGET / [36m304[0m 23.489 ms - -[0m
[0mGET / [36m304[0m 29.126 ms - -[0m
[0mGET / [36m304[0m 28.548 ms - -[0m
[0mGET / [36m304[0m 26.044 ms - -[0m
[0mGET / [36m304[0m 34.817 ms - -[0m
[0mGET / [36m304[0m 29.553 ms - -[0m
[0mGET / [36m304[0m 30.223 ms - -[0m
[0mGET / [36m304[0m 37.883 ms - -[0m
[0mGET / [36m304[0m 16.105 ms - -[0m
[0mGET / [36m304[0m 25.285 ms - -[0m
[0mGET / [36m304[0m 29.925 ms - -[0m
[0mGET / [36m304[0m 31.183 ms - -[0m
[0mGET / [36m304[0m 24.291 ms - -[0m
[0mGET / [36m304[0m 25.540 ms - -[0m
[0mGET / [36m304[0m 31.171 ms - -[0m
[0mGET / [36m304[0m 28.596 ms - -[0m
[0mGET / [36m304[0m 27.373 ms - -[0m
[0mGET / [36m304[0m 26.907 ms - -[0m
[0mGET / [36m304[0m 29.157 ms - -[0m
[0mGET / [36m304[0m 23.196 ms - -[0m
[0mGET / [36m304[0m 25.693 ms - -[0m
[0mGET / [36m304[0m 28.919 ms - -[0m
[0mGET / [36m304[0m 29.903 ms - -[0m
[0mGET / [36m304[0m 24.213 ms - -[0m
[0mGET / [36m304[0m 25.708 ms - -[0m
[0mGET / [36m304[0m 30.453 ms - -[0m
[0mGET / [36m304[0m 25.175 ms - -[0m
[0mGET / [36m304[0m 9.817 ms - -[0m
[0mGET / [36m304[0m 37.467 ms - -[0m
[0mGET / [36m304[0m 28.661 ms - -[0m
[0mGET / [32m200[0m 29.272 ms - 9095[0m
[0mGET / [32m200[0m 28.190 ms - 9098[0m
[0mGET / [36m304[0m 28.309 ms - -[0m
[0mGET / [36m304[0m 28.531 ms - -[0m
[0mGET / [36m304[0m 26.890 ms - -[0m
[0mGET / [36m304[0m 28.391 ms - -[0m
[0mGET / [36m304[0m 27.672 ms - -[0m
[0mGET / [36m304[0m 25.438 ms - -[0m
[0mGET / [32m200[0m 23.442 ms - 8433[0m
[0mGET / [36m304[0m 30.067 ms - -[0m
[0mGET / [36m304[0m 23.236 ms - -[0m
[0mGET / [36m304[0m 26.598 ms - -[0m
[0mGET / [36m304[0m 23.299 ms - -[0m
[0mGET / [36m304[0m 9.025 ms - -[0m
[0mGET / [36m304[0m 26.820 ms - -[0m
[0mGET / [36m304[0m 26.965 ms - -[0m
[0mGET / [32m200[0m 11.968 ms - 8437[0m
[0mGET / [36m304[0m 27.632 ms - -[0m
[0mGET / [36m304[0m 22.839 ms - -[0m
[0mGET / [36m304[0m 31.828 ms - -[0m
[0mPOST /comments/create [32m200[0m 40.413 ms - 748[0m
[0mGET / [32m200[0m 34.647 ms - 9007[0m
[0mGET / [36m304[0m 30.956 ms - -[0m
[0mGET / [36m304[0m 19.042 ms - -[0m
[0mGET / [36m304[0m 31.900 ms - -[0m
[0mGET / [36m304[0m 29.182 ms - -[0m
[0mGET / [36m304[0m 31.494 ms - -[0m
[0mGET / [36m304[0m 29.191 ms - -[0m
[0mGET / [36m304[0m 35.066 ms - -[0m
[0mGET / [36m304[0m 29.057 ms - -[0m
[0mGET / [36m304[0m 28.927 ms - -[0m
[0mGET / [36m304[0m 29.702 ms - -[0m
[0mGET / [36m304[0m 40.833 ms - -[0m
[0mGET / [36m304[0m 29.769 ms - -[0m
[0mGET / [36m304[0m 28.373 ms - -[0m
[0mGET / [36m304[0m 29.519 ms - -[0m
[0mGET / [36m304[0m 27.360 ms - -[0m
[0mGET / [36m304[0m 29.225 ms - -[0m
[0mGET / [36m304[0m 47.046 ms - -[0m
[0mGET /users/profile/6283b161490befda9a890ec4 [36m304[0m 15.798 ms - -[0m
[0mGET /users/sign-out [36m302[0m 5.759 ms - 46[0m
[0mGET / [32m200[0m 24.801 ms - 6009[0m
[0mGET /users/sign-in [36m304[0m 5.453 ms - -[0m
[0mGET /users/sign-up [36m304[0m 4.712 ms - -[0m
[0mGET /users/sign-up [36m304[0m 6.009 ms - -[0m
[0mGET /users/sign-up [36m304[0m 3.279 ms - -[0m
[0mGET /users/sign-up [36m304[0m 2.854 ms - -[0m
[0mGET /users/sign-up [36m304[0m 3.070 ms - -[0m
[0mGET /users/sign-up [36m304[0m 5.257 ms - -[0m
[0mGET /users/sign-up [36m304[0m 3.299 ms - -[0m
[0mGET /users/sign-up [36m304[0m 3.212 ms - -[0m
[0mGET /users/sign-in [36m304[0m 3.760 ms - -[0m
[0mGET /users/sign-in [36m304[0m 3.954 ms - -[0m
[0mGET /users/sign-in [36m304[0m 3.810 ms - -[0m
[0mGET /users/sign-in [36m304[0m 4.244 ms - -[0m
[0mGET /users/sign-in [36m304[0m 3.444 ms - -[0m
[0mGET /users/sign-in [36m304[0m 3.447 ms - -[0m
[0mGET /users/sign-in [36m304[0m 3.245 ms - -[0m
[0mGET /users/sign-in [36m304[0m 4.053 ms - -[0m
[0mGET /users/sign-in [36m304[0m 3.440 ms - -[0m
[0mGET /users/sign-in [36m304[0m 3.880 ms - -[0m
[0mGET /users/sign-in [36m304[0m 5.447 ms - -[0m
[0mGET /users/sign-in [36m304[0m 4.920 ms - -[0m
[0mGET /users/sign-in [36m304[0m 4.954 ms - -[0m
[0mGET / [32m200[0m 22.469 ms - 5848[0m
[0mGET /users/sign-up [36m304[0m 4.357 ms - -[0m
[0mGET /users/sign-up [36m304[0m 3.109 ms - -[0m
[0mGET /users/sign-in [36m304[0m 3.559 ms - -[0m
[0mGET /users/sign-in [36m304[0m 3.333 ms - -[0m
[0mGET /users/sign-in [36m304[0m 4.471 ms - -[0m
[0mGET /users/sign-in [36m304[0m 5.280 ms - -[0m
[0mGET /users/sign-in [36m304[0m 40.039 ms - -[0m
[0mGET /users/sign-in [36m304[0m 4.182 ms - -[0m
[0mGET /users/sign-in [36m304[0m 3.376 ms - -[0m
[0mGET /users/sign-in [36m304[0m 4.106 ms - -[0m
[0mGET /users/sign-in [36m304[0m 2.048 ms - -[0m
[0mGET /users/sign-in [36m304[0m 3.246 ms - -[0m
[0mGET /users/sign-in [36m304[0m 3.505 ms - -[0m
[0mGET /users/sign-in [32m200[0m 3.841 ms - 3123[0m
[0mGET /users/sign-in [36m304[0m 3.652 ms - -[0m
[0mGET /users/sign-in [36m304[0m 3.626 ms - -[0m
[0mGET /users/sign-in [36m304[0m 4.615 ms - -[0m
[0mGET /users/sign-in [36m304[0m 3.031 ms - -[0m
[0mGET /users/sign-in [36m304[0m 4.604 ms - -[0m
[0mGET /users/sign-up [36m304[0m 4.935 ms - -[0m
[0mGET /users/sign-in [36m304[0m 3.775 ms - -[0m
[0mGET /users/sign-in [36m304[0m 3.161 ms - -[0m
[0mGET /users/sign-in [36m304[0m 3.673 ms - -[0m
[0mGET /users/sign-in [36m304[0m 3.206 ms - -[0m
[0mGET /users/sign-in [36m304[0m 2.314 ms - -[0m
[0mGET /users/sign-in [36m304[0m 3.205 ms - -[0m
[0mGET /users/sign-in [36m304[0m 4.167 ms - -[0m
[0mGET /users/sign-up [36m304[0m 5.368 ms - -[0m
[0mGET /users/sign-up [36m304[0m 3.440 ms - -[0m
[0mGET /users/sign-up [36m304[0m 3.160 ms - -[0m
[0mGET /users/sign-in [36m304[0m 4.511 ms - -[0m
[0mGET /users/sign-in [36m304[0m 4.481 ms - -[0m
[0mGET /users/sign-in [32m200[0m 4.621 ms - 3123[0m
[0mGET /users/sign-in [36m304[0m 4.168 ms - -[0m
[0mGET /users/sign-in [36m304[0m 3.709 ms - -[0m
[0mGET /users/sign-in [36m304[0m 5.199 ms - -[0m
[0mGET /users/sign-in [36m304[0m 4.087 ms - -[0m
[0mGET /users/sign-in [36m304[0m 4.114 ms - -[0m
[0mGET /users/sign-in [36m304[0m 3.988 ms - -[0m
[0mGET /users/sign-in [36m304[0m 4.328 ms - -[0m
[0mGET /users/sign-in [36m304[0m 3.407 ms - -[0m
[0mGET /users/sign-in [36m304[0m 2.835 ms - -[0m
[0mGET /users/sign-in [36m304[0m 4.241 ms - -[0m
[0mGET /users/sign-in [36m304[0m 3.432 ms - -[0m
[0mGET /users/sign-in [36m304[0m 4.148 ms - -[0m
[0mGET /users/sign-in [36m304[0m 4.483 ms - -[0m
[0mGET /users/sign-in [36m304[0m 3.818 ms - -[0m
[0mGET /users/sign-in [36m304[0m 3.302 ms - -[0m
[0mGET /users/sign-in [36m304[0m 4.522 ms - -[0m
[0mGET /users/sign-in [36m304[0m 3.917 ms - -[0m
[0mGET /users/sign-in [36m304[0m 3.918 ms - -[0m
[0mGET /users/sign-in [36m304[0m 4.152 ms - -[0m
[0mGET /users/sign-in [36m304[0m 3.510 ms - -[0m
[0mGET /users/sign-in [36m304[0m 4.015 ms - -[0m
[0mGET /users/sign-in [36m304[0m 4.087 ms - -[0m
[0mGET /users/sign-in [36m304[0m 3.432 ms - -[0m
[0mGET /users/sign-in [36m304[0m 4.984 ms - -[0m
[0mGET /users/sign-in [36m304[0m 4.307 ms - -[0m
[0mGET /users/sign-in [32m200[0m 6.357 ms - 3132[0m
[0mGET /users/sign-in [36m304[0m 4.531 ms - -[0m
[0mGET /users/sign-in [36m304[0m 3.269 ms - -[0m
[0mGET /users/sign-in [32m200[0m 3.391 ms - 3123[0m
[0mGET /users/sign-in [32m200[0m 4.100 ms - 3150[0m
[0mGET /users/sign-in [36m304[0m 3.771 ms - -[0m
[0mGET /users/sign-in [36m304[0m 3.150 ms - -[0m
[0mGET /users/sign-in [36m304[0m 5.275 ms - -[0m
[0mGET /users/sign-in [36m304[0m 4.419 ms - -[0m
[0mGET /users/sign-in [36m304[0m 4.132 ms - -[0m
[0mGET /users/sign-in [36m304[0m 4.558 ms - -[0m
[0mGET /users/sign-in [36m304[0m 6.418 ms - -[0m
[0mGET /users/sign-in [36m304[0m 3.808 ms - -[0m
[0mGET /users/sign-in [36m304[0m 3.410 ms - -[0m
[0mGET /users/sign-in [36m304[0m 3.251 ms - -[0m
[0mGET /users/sign-in [36m304[0m 3.991 ms - -[0m
[0mGET /users/sign-in [36m304[0m 3.319 ms - -[0m
[0mGET /users/sign-in [36m304[0m 4.237 ms - -[0m
[0mGET /users/sign-in [36m304[0m 3.455 ms - -[0m
[0mGET /users/sign-in [36m304[0m 3.190 ms - -[0m
[0mGET /users/sign-in [36m304[0m 4.271 ms - -[0m
[0mGET /users/sign-in [36m304[0m 3.360 ms - -[0m
[0mGET /users/sign-in [36m304[0m 3.151 ms - -[0m
[0mGET /users/sign-in [36m304[0m 4.601 ms - -[0m
[0mGET /users/sign-in [36m304[0m 4.275 ms - -[0m
[0mGET /users/sign-in [36m304[0m 4.134 ms - -[0m
[0mGET /users/sign-in [36m304[0m 3.282 ms - -[0m
[0mGET /users/sign-in [36m304[0m 4.222 ms - -[0m
[0mGET /users/sign-in [36m304[0m 4.022 ms - -[0m
[0mGET /users/sign-in [36m304[0m 4.061 ms - -[0m
[0mGET /users/sign-in [36m304[0m 3.791 ms - -[0m
[0mGET /users/sign-in [36m304[0m 3.340 ms - -[0m
[0mGET /users/sign-in [36m304[0m 3.323 ms - -[0m
[0mGET / [36m304[0m 23.414 ms - -[0m
[0mGET /users/sign-in [32m200[0m 4.380 ms - 3169[0m
[0mGET /users/sign-in [32m200[0m 3.516 ms - 3170[0m
[0mGET /users/sign-in [36m304[0m 6.647 ms - -[0m
[0mGET /users/sign-in [36m304[0m 4.974 ms - -[0m
[0mGET /users/sign-in [36m304[0m 3.770 ms - -[0m
[0mGET /users/sign-in [36m304[0m 3.271 ms - -[0m
[0mGET /users/sign-in [32m200[0m 3.361 ms - 3150[0m
[0mGET /users/sign-up [36m304[0m 3.473 ms - -[0m
[0mGET / [36m304[0m 24.171 ms - -[0m
[0mGET / [36m304[0m 25.866 ms - -[0m
[0mGET / [36m304[0m 20.498 ms - -[0m
[0mGET / [36m304[0m 19.877 ms - -[0m
[0mGET /users/sign-in [36m304[0m 4.398 ms - -[0m
[0mGET /users/sign-in [36m304[0m 6.375 ms - -[0m
[0mPOST /users/create-session [36m302[0m 7.232 ms - 46[0m
[0mGET / [32m200[0m 28.632 ms - 9167[0m
[0mGET / [32m200[0m 14.212 ms - 9007[0m
[0mGET / [36m304[0m 37.088 ms - -[0m
[0mGET / [36m304[0m 12.673 ms - -[0m
[0mGET / [36m304[0m 28.485 ms - -[0m
[0mGET / [36m304[0m 31.082 ms - -[0m
[0mGET / [36m304[0m 35.686 ms - -[0m
[0mGET / [36m304[0m 27.068 ms - -[0m
[0mGET / [36m304[0m 27.616 ms - -[0m
[0mGET / [36m304[0m 32.570 ms - -[0m
[0mGET / [36m304[0m 32.736 ms - -[0m
[0mGET / [36m304[0m 36.002 ms - -[0m
[0mGET / [36m304[0m 29.205 ms - -[0m
[0mGET / [36m304[0m 19.928 ms - -[0m
[0mGET / [36m304[0m 28.709 ms - -[0m
[0mGET / [36m304[0m 25.258 ms - -[0m
[0mGET / [36m304[0m 13.517 ms - -[0m
[0mGET / [36m304[0m 19.422 ms - -[0m
[0mGET / [36m304[0m 26.500 ms - -[0m
[0mGET / [36m304[0m 37.676 ms - -[0m
[0mGET / [36m304[0m 24.529 ms - -[0m
[0mGET / [36m304[0m 26.757 ms - -[0m
[0mGET / [36m304[0m 33.459 ms - -[0m
[0mGET / [36m304[0m 29.561 ms - -[0m
[0mGET / [36m304[0m 30.915 ms - -[0m
[0mGET / [32m200[0m 29.086 ms - 5848[0m
[0mGET / [32m200[0m 21.057 ms - 5848[0m
[0mGET / [32m200[0m 19.477 ms - 5848[0m
[0mGET / [32m200[0m 23.266 ms - 5848[0m
[0mGET / [32m200[0m 17.721 ms - 5848[0m
[0mGET /users/sign-in [32m200[0m 4.357 ms - 3150[0m
[0mPOST /users/create-session [36m302[0m 4.154 ms - 72[0m
[0mGET /users/sign-in [32m200[0m 4.634 ms - 3302[0m
[0mPOST /users/create-session [36m302[0m 3.731 ms - 72[0m
[0mGET /users/sign-in [32m200[0m 5.304 ms - 3302[0m
[0mGET /users/sign-out [36m302[0m 7.230 ms - 46[0m
[0mGET / [32m200[0m 25.073 ms - 6009[0m
[0mGET /users/sign-in [36m304[0m 3.891 ms - -[0m
[0mPOST /users/create-session [36m302[0m 7.496 ms - 72[0m
[0mGET /users/sign-in [32m200[0m 7.253 ms - 3302[0m
[0mGET /users/auth/google [36m302[0m 10.334 ms - 0[0m
[0mPOST /users/create-session [36m302[0m 6.613 ms - 46[0m
[0mGET / [32m200[0m 25.423 ms - 9167[0m
[0mGET /users/profile/6283b161490befda9a890ec4 [36m304[0m 11.040 ms - -[0m
[0mPOST /users/create-session [36m302[0m 5.161 ms - 46[0m
[0mGET / [32m200[0m 38.060 ms - 9167[0m
[0mGET /users/profile/6283b161490befda9a890ec4 [32m200[0m 6.193 ms - 2521[0m
[0mGET /users/sign-out [36m302[0m 4.185 ms - 46[0m
[0mGET / [32m200[0m 24.689 ms - 6009[0m
[0mGET /users/sign-in [36m304[0m 3.865 ms - -[0m
[0mPOST /users/create-session [36m302[0m 5.740 ms - 46[0m
[0mGET / [32m200[0m 34.322 ms - 9167[0m
[0mGET /users/sign-out [36m302[0m 5.083 ms - 46[0m
[0mGET / [32m200[0m 21.633 ms - 6009[0m
[0mGET /users/sign-in [36m304[0m 3.857 ms - -[0m
[0mPOST /users/create-session [36m302[0m 5.206 ms - 46[0m
[0mGET / [32m200[0m 33.041 ms - 9167[0m
[0mGET /users/sign-out [36m302[0m 4.740 ms - 46[0m
[0mGET / [32m200[0m 25.217 ms - 6009[0m
[0mGET /users/sign-in [36m304[0m 4.716 ms - -[0m
[0mGET /users/sign-up [36m304[0m 3.629 ms - -[0m
[0mGET /users/sign-in [36m304[0m 5.167 ms - -[0m
[0mGET / [36m304[0m 20.021 ms - -[0m
[0mGET /users/sign-in [36m304[0m 3.622 ms - -[0m
[0mPOST /users/create-session [36m302[0m 7.636 ms - 46[0m
[0mGET / [32m200[0m 33.531 ms - 9167[0m
[0mGET /users/profile/6283b161490befda9a890ec4 [36m304[0m 9.961 ms - -[0m
[0mGET / [32m200[0m 23.216 ms - 9007[0m
[0mGET /users/profile/6283b161490befda9a890ec4 [36m304[0m 8.807 ms - -[0m
[0mGET / [32m200[0m 16.266 ms - 9007[0m
[0mGET /users/profile/6283b161490befda9a890ec4 [36m304[0m 8.321 ms - -[0m
